Apr 08, 2018 12:58:07 PM com.project.compiler.Driver.LexDriver main
INFO: .. Starting ...
Apr 08, 2018 12:58:08 PM com.project.compiler.Driver.LexDriver main
INFO: ..........................Executing Test Case 1 ..........................
Apr 08, 2018 12:58:08 PM com.project.compiler.Driver.LexDriver main
INFO: testCases file path: TestCases\Lexical\1\1_LEXER_COMMENT_ERROR.txt
Apr 08, 2018 12:58:08 PM com.project.compiler.Driver.LexDriver main
INFO: Tokens save to: TestCases\Lexical\1\LEXICAL_Output.txt
Apr 08, 2018 12:58:08 PM com.project.compiler.Driver.LexDriver main
INFO: Lex Errors save to: TestCases\Lexical\1\LEXICAL_ErrorOutput.txt
Apr 08, 2018 12:58:08 PM com.project.compiler.Driver.LexDriver main
INFO: AtoCC Format save to: TestCases\Lexical\1\LEXICAL_Output.txt
Apr 08, 2018 12:58:08 PM com.project.compiler.Driver.LexDriver main
INFO: ..........................Executing Test Case 2 ..........................
Apr 08, 2018 12:58:08 PM com.project.compiler.Driver.LexDriver main
INFO: testCases file path: TestCases\Lexical\2\2_LEXER_TOKENS.txt
Apr 08, 2018 12:58:08 PM com.project.compiler.Driver.LexDriver main
INFO: Tokens save to: TestCases\Lexical\2\LEXICAL_Output.txt
Apr 08, 2018 12:58:08 PM com.project.compiler.Driver.LexDriver main
INFO: Lex Errors save to: TestCases\Lexical\2\LEXICAL_ErrorOutput.txt
Apr 08, 2018 12:58:08 PM com.project.compiler.Driver.LexDriver main
INFO: AtoCC Format save to: TestCases\Lexical\2\LEXICAL_Output.txt
Apr 08, 2018 12:58:08 PM com.project.compiler.Driver.LexDriver main
INFO: ..........................Executing Test Case 3 ..........................
Apr 08, 2018 12:58:08 PM com.project.compiler.Driver.LexDriver main
INFO: testCases file path: TestCases\Lexical\3\3_COMMENT_Test.txt
Apr 08, 2018 12:58:08 PM com.project.compiler.Driver.LexDriver main
INFO: Tokens save to: TestCases\Lexical\3\LEXICAL_Output.txt
Apr 08, 2018 12:58:08 PM com.project.compiler.Driver.LexDriver main
INFO: Lex Errors save to: TestCases\Lexical\3\LEXICAL_ErrorOutput.txt
Apr 08, 2018 12:58:08 PM com.project.compiler.Driver.LexDriver main
INFO: AtoCC Format save to: TestCases\Lexical\3\LEXICAL_Output.txt
Apr 08, 2018 12:58:08 PM com.project.compiler.Driver.LexDriver main
INFO: ..........................Executing Test Case 4 ..........................
Apr 08, 2018 12:58:08 PM com.project.compiler.Driver.LexDriver main
INFO: testCases file path: TestCases\Lexical\4\4_ERROR_Test.txt
Apr 08, 2018 12:58:08 PM com.project.compiler.Driver.LexDriver main
INFO: Tokens save to: TestCases\Lexical\4\LEXICAL_Output.txt
Apr 08, 2018 12:58:08 PM com.project.compiler.Driver.LexDriver main
INFO: Lex Errors save to: TestCases\Lexical\4\LEXICAL_ErrorOutput.txt
Apr 08, 2018 12:58:08 PM com.project.compiler.Driver.LexDriver main
INFO: AtoCC Format save to: TestCases\Lexical\4\LEXICAL_Output.txt
Apr 08, 2018 12:58:08 PM com.project.compiler.Driver.LexDriver main
INFO: ..........................Executing Test Case 5 ..........................
Apr 08, 2018 12:58:08 PM com.project.compiler.Driver.LexDriver main
INFO: testCases file path: TestCases\Lexical\5\5_VALID_IDENTIFIERS_TEST.txt
Apr 08, 2018 12:58:08 PM com.project.compiler.Driver.LexDriver main
INFO: Tokens save to: TestCases\Lexical\5\LEXICAL_Output.txt
Apr 08, 2018 12:58:08 PM com.project.compiler.Driver.LexDriver main
INFO: Lex Errors save to: TestCases\Lexical\5\LEXICAL_ErrorOutput.txt
Apr 08, 2018 12:58:08 PM com.project.compiler.Driver.LexDriver main
INFO: AtoCC Format save to: TestCases\Lexical\5\LEXICAL_Output.txt
Apr 08, 2018 12:58:08 PM com.project.compiler.Driver.LexDriver main
INFO: ..........................Executing Test Case 6 ..........................
Apr 08, 2018 12:58:08 PM com.project.compiler.Driver.LexDriver main
INFO: testCases file path: TestCases\Lexical\6\6_VALID_NUMBERS_TEST.txt
Apr 08, 2018 12:58:08 PM com.project.compiler.Driver.LexDriver main
INFO: Tokens save to: TestCases\Lexical\6\LEXICAL_Output.txt
Apr 08, 2018 12:58:08 PM com.project.compiler.Driver.LexDriver main
INFO: Lex Errors save to: TestCases\Lexical\6\LEXICAL_ErrorOutput.txt
Apr 08, 2018 12:58:08 PM com.project.compiler.Driver.LexDriver main
INFO: AtoCC Format save to: TestCases\Lexical\6\LEXICAL_Output.txt
Apr 08, 2018 12:58:08 PM com.project.compiler.Driver.LexDriver main
INFO: ..........................Executing Test Case 7 ..........................
Apr 08, 2018 12:58:08 PM com.project.compiler.Driver.LexDriver main
INFO: testCases file path: TestCases\Lexical\7\7_VALID_RESERVE_WORD_TEST.txt
Apr 08, 2018 12:58:08 PM com.project.compiler.Driver.LexDriver main
INFO: Tokens save to: TestCases\Lexical\7\LEXICAL_Output.txt
Apr 08, 2018 12:58:08 PM com.project.compiler.Driver.LexDriver main
INFO: Lex Errors save to: TestCases\Lexical\7\LEXICAL_ErrorOutput.txt
Apr 08, 2018 12:58:08 PM com.project.compiler.Driver.LexDriver main
INFO: AtoCC Format save to: TestCases\Lexical\7\LEXICAL_Output.txt
Apr 08, 2018 1:14:00 PM com.project.compiler.Driver.LexDriver execute
INFO: .. Starting ...
Apr 08, 2018 1:14:00 PM com.project.compiler.Driver.LexDriver execute
INFO: ..........................Executing Test Case 1 ..........................
Apr 08, 2018 1:14:00 PM com.project.compiler.Driver.LexDriver execute
INFO: testCases file path: TestCases\Lexical\1\1_LEXER_COMMENT_ERROR.txt
Apr 08, 2018 1:14:00 PM com.project.compiler.Driver.LexDriver execute
INFO: Tokens save to: TestCases\Lexical\1\LEXICAL_Output.txt
Apr 08, 2018 1:14:00 PM com.project.compiler.Driver.LexDriver execute
INFO: Lex Errors save to: TestCases\Lexical\1\LEXICAL_ErrorOutput.txt
Apr 08, 2018 1:14:00 PM com.project.compiler.Driver.LexDriver execute
INFO: AtoCC Format save to: TestCases\Lexical\1\LEXICAL_Output.txt
Apr 08, 2018 1:14:00 PM com.project.compiler.Driver.LexDriver execute
INFO: ..........................Executing Test Case 2 ..........................
Apr 08, 2018 1:14:00 PM com.project.compiler.Driver.LexDriver execute
INFO: testCases file path: TestCases\Lexical\2\2_LEXER_TOKENS.txt
Apr 08, 2018 1:14:00 PM com.project.compiler.Driver.LexDriver execute
INFO: Tokens save to: TestCases\Lexical\2\LEXICAL_Output.txt
Apr 08, 2018 1:14:00 PM com.project.compiler.Driver.LexDriver execute
INFO: Lex Errors save to: TestCases\Lexical\2\LEXICAL_ErrorOutput.txt
Apr 08, 2018 1:14:00 PM com.project.compiler.Driver.LexDriver execute
INFO: AtoCC Format save to: TestCases\Lexical\2\LEXICAL_Output.txt
Apr 08, 2018 1:14:00 PM com.project.compiler.Driver.LexDriver execute
INFO: ..........................Executing Test Case 3 ..........................
Apr 08, 2018 1:14:00 PM com.project.compiler.Driver.LexDriver execute
INFO: testCases file path: TestCases\Lexical\3\3_COMMENT_Test.txt
Apr 08, 2018 1:14:00 PM com.project.compiler.Driver.LexDriver execute
INFO: Tokens save to: TestCases\Lexical\3\LEXICAL_Output.txt
Apr 08, 2018 1:14:00 PM com.project.compiler.Driver.LexDriver execute
INFO: Lex Errors save to: TestCases\Lexical\3\LEXICAL_ErrorOutput.txt
Apr 08, 2018 1:14:00 PM com.project.compiler.Driver.LexDriver execute
INFO: AtoCC Format save to: TestCases\Lexical\3\LEXICAL_Output.txt
Apr 08, 2018 1:14:00 PM com.project.compiler.Driver.LexDriver execute
INFO: ..........................Executing Test Case 4 ..........................
Apr 08, 2018 1:14:00 PM com.project.compiler.Driver.LexDriver execute
INFO: testCases file path: TestCases\Lexical\4\4_ERROR_Test.txt
Apr 08, 2018 1:14:00 PM com.project.compiler.Driver.LexDriver execute
INFO: Tokens save to: TestCases\Lexical\4\LEXICAL_Output.txt
Apr 08, 2018 1:14:00 PM com.project.compiler.Driver.LexDriver execute
INFO: Lex Errors save to: TestCases\Lexical\4\LEXICAL_ErrorOutput.txt
Apr 08, 2018 1:14:00 PM com.project.compiler.Driver.LexDriver execute
INFO: AtoCC Format save to: TestCases\Lexical\4\LEXICAL_Output.txt
Apr 08, 2018 1:14:00 PM com.project.compiler.Driver.LexDriver execute
INFO: ..........................Executing Test Case 5 ..........................
Apr 08, 2018 1:14:00 PM com.project.compiler.Driver.LexDriver execute
INFO: testCases file path: TestCases\Lexical\5\5_VALID_IDENTIFIERS_TEST.txt
Apr 08, 2018 1:14:00 PM com.project.compiler.Driver.LexDriver execute
INFO: Tokens save to: TestCases\Lexical\5\LEXICAL_Output.txt
Apr 08, 2018 1:14:00 PM com.project.compiler.Driver.LexDriver execute
INFO: Lex Errors save to: TestCases\Lexical\5\LEXICAL_ErrorOutput.txt
Apr 08, 2018 1:14:00 PM com.project.compiler.Driver.LexDriver execute
INFO: AtoCC Format save to: TestCases\Lexical\5\LEXICAL_Output.txt
Apr 08, 2018 1:14:00 PM com.project.compiler.Driver.LexDriver execute
INFO: ..........................Executing Test Case 6 ..........................
Apr 08, 2018 1:14:00 PM com.project.compiler.Driver.LexDriver execute
INFO: testCases file path: TestCases\Lexical\6\6_VALID_NUMBERS_TEST.txt
Apr 08, 2018 1:14:00 PM com.project.compiler.Driver.LexDriver execute
INFO: Tokens save to: TestCases\Lexical\6\LEXICAL_Output.txt
Apr 08, 2018 1:14:00 PM com.project.compiler.Driver.LexDriver execute
INFO: Lex Errors save to: TestCases\Lexical\6\LEXICAL_ErrorOutput.txt
Apr 08, 2018 1:14:00 PM com.project.compiler.Driver.LexDriver execute
INFO: AtoCC Format save to: TestCases\Lexical\6\LEXICAL_Output.txt
Apr 08, 2018 1:14:00 PM com.project.compiler.Driver.LexDriver execute
INFO: ..........................Executing Test Case 7 ..........................
Apr 08, 2018 1:14:00 PM com.project.compiler.Driver.LexDriver execute
INFO: testCases file path: TestCases\Lexical\7\7_VALID_RESERVE_WORD_TEST.txt
Apr 08, 2018 1:14:00 PM com.project.compiler.Driver.LexDriver execute
INFO: Tokens save to: TestCases\Lexical\7\LEXICAL_Output.txt
Apr 08, 2018 1:14:00 PM com.project.compiler.Driver.LexDriver execute
INFO: Lex Errors save to: TestCases\Lexical\7\LEXICAL_ErrorOutput.txt
Apr 08, 2018 1:14:00 PM com.project.compiler.Driver.LexDriver execute
INFO: AtoCC Format save to: TestCases\Lexical\7\LEXICAL_Output.txt
Apr 08, 2018 3:03:40 PM com.project.compiler.Driver.SyntacticDriver execute
INFO: .. Starting ...
Apr 08, 2018 3:03:40 PM com.project.compiler.Driver.SyntacticDriver execute
INFO: ..........................Executing Test Case 1 ..........................
Apr 08, 2018 3:03:40 PM com.project.compiler.Driver.SyntacticDriver execute
INFO: testCases file path: TestCases\Syntactic\1\1_Sample.txt
Apr 08, 2018 3:03:40 PM com.project.compiler.Driver.SyntacticDriver execute
INFO: Derivations are save to: TestCases\Syntactic\1\SYNTAX_derivation.txt
Apr 08, 2018 3:03:40 PM com.project.compiler.Driver.SyntacticDriver execute
INFO: Errors are save to: TestCases\Syntactic\1\SYNTAX_errors.txt
Apr 08, 2018 3:03:40 PM com.project.compiler.Driver.SyntacticDriver execute
INFO:  Grammar Parsing logs are save to: TestCases\Syntactic\1\SYNTAX_grammarParsing.txt
Apr 08, 2018 3:03:41 PM com.project.compiler.Driver.SyntacticDriver execute
INFO: Abstract Syntax Tree is save to: TestCases\Syntactic\1\SYNTAX_abstractSyntaxTree.txt
Apr 08, 2018 5:18:08 PM com.project.compiler.Driver.SemanticDriver execute
INFO: .. Starting ...
Apr 08, 2018 5:18:08 PM com.project.compiler.Driver.SemanticDriver execute
INFO: ..........................Executing Test Case 1 ..........................
Apr 08, 2018 5:18:08 PM com.project.compiler.Driver.SemanticDriver execute
INFO: testCases file path: TestCases\Semantic\1\1_workingSample.txt
Apr 08, 2018 5:18:09 PM com.project.compiler.Driver.SemanticDriver execute
INFO: Abstract Syntax Tree is save to: TestCases\Semantic\1\SEMANTIC_AST_Ast.txt
Apr 08, 2018 5:18:09 PM com.project.compiler.Driver.SemanticDriver saveErrorCollections
INFO: SEMANTIC Errors are save to: TestCases\Semantic\1\SEMANTIC_AST_Errors.log
Apr 08, 2018 5:18:09 PM com.project.compiler.Driver.SemanticDriver saveErrorCollections
INFO: All Errors are save to: TestCases\Semantic\1\SEMANTIC_AST_AllErrors.log
Apr 08, 2018 5:26:47 PM com.project.compiler.Driver.SemanticDriver execute
INFO: .. Starting ...
Apr 08, 2018 5:26:47 PM com.project.compiler.Driver.SemanticDriver execute
INFO: ..........................Executing Test Case 1 ..........................
Apr 08, 2018 5:26:47 PM com.project.compiler.Driver.SemanticDriver execute
INFO: testCases file path: TestCases\Semantic\1\1_workingSample.txt
Apr 08, 2018 5:26:47 PM com.project.compiler.Driver.SemanticDriver execute
INFO: Simple Symbol Table save to: TestCases\Semantic\1\SEMANTIC_ACTION_SymbolTable.txt
Apr 08, 2018 5:26:47 PM com.project.compiler.Driver.SemanticDriver execute
INFO: HTML Symbol Table save to: TestCases\Semantic\1\SEMANTIC_ACTION_SymbolTable.html
Apr 08, 2018 5:26:47 PM com.project.compiler.Driver.SemanticDriver saveErrorCollections
INFO: SEMANTIC Errors are save to: TestCases\Semantic\1\SEMANTIC_ACTION_Errors.log
Apr 08, 2018 5:26:47 PM com.project.compiler.Driver.SemanticDriver saveErrorCollections
INFO: All Errors are save to: TestCases\Semantic\1\SEMANTIC_ACTION_AllErrors.log
Apr 08, 2018 5:26:47 PM com.project.compiler.Driver.SemanticDriver execute
INFO: Abstract Syntax Tree is save to: TestCases\Semantic\1\SEMANTIC_AST_Ast.txt
Apr 08, 2018 5:26:47 PM com.project.compiler.Driver.SemanticDriver saveErrorCollections
INFO: SEMANTIC Errors are save to: TestCases\Semantic\1\SEMANTIC_AST_Errors.log
Apr 08, 2018 5:26:47 PM com.project.compiler.Driver.SemanticDriver saveErrorCollections
INFO: All Errors are save to: TestCases\Semantic\1\SEMANTIC_AST_AllErrors.log
Apr 08, 2018 5:27:31 PM com.project.compiler.Driver.SemanticDriver execute
INFO: .. Starting ...
Apr 08, 2018 5:27:31 PM com.project.compiler.Driver.SemanticDriver execute
INFO: ..........................Executing Test Case 1 ..........................
Apr 08, 2018 5:27:31 PM com.project.compiler.Driver.SemanticDriver execute
INFO: testCases file path: TestCases\Semantic\1\1_workingSample.txt
Apr 08, 2018 5:27:32 PM com.project.compiler.Driver.SemanticDriver execute
INFO: Simple Symbol Table save to: TestCases\Semantic\1\SEMANTIC_ACTION_SymbolTable.txt
Apr 08, 2018 5:27:32 PM com.project.compiler.Driver.SemanticDriver execute
INFO: HTML Symbol Table save to: TestCases\Semantic\1\SEMANTIC_ACTION_SymbolTable.html
Apr 08, 2018 5:27:32 PM com.project.compiler.Driver.SemanticDriver saveErrorCollections
INFO: SEMANTIC Errors are save to: TestCases\Semantic\1\SEMANTIC_ACTION_Errors.log
Apr 08, 2018 5:27:32 PM com.project.compiler.Driver.SemanticDriver saveErrorCollections
INFO: All Errors are save to: TestCases\Semantic\1\SEMANTIC_ACTION_AllErrors.log
Apr 08, 2018 5:27:32 PM com.project.compiler.Driver.SemanticDriver execute
INFO: Abstract Syntax Tree is save to: TestCases\Semantic\1\SEMANTIC_AST_Ast.txt
Apr 08, 2018 5:27:32 PM com.project.compiler.Driver.SemanticDriver saveErrorCollections
INFO: SEMANTIC Errors are save to: TestCases\Semantic\1\SEMANTIC_AST_Errors.log
Apr 08, 2018 5:27:32 PM com.project.compiler.Driver.SemanticDriver saveErrorCollections
INFO: All Errors are save to: TestCases\Semantic\1\SEMANTIC_AST_AllErrors.log
Apr 08, 2018 5:29:11 PM com.project.compiler.Driver.SemanticDriver execute
INFO: .. Starting ...
Apr 08, 2018 5:29:11 PM com.project.compiler.Driver.SemanticDriver execute
INFO: ..........................Executing Test Case 1 ..........................
Apr 08, 2018 5:29:11 PM com.project.compiler.Driver.SemanticDriver execute
INFO: testCases file path: TestCases\Semantic\1\1_workingSample.txt
Apr 08, 2018 5:29:11 PM com.project.compiler.Driver.SemanticDriver execute
INFO: Simple Symbol Table save to: TestCases\Semantic\1\SEMANTIC_ACTION_SymbolTable.txt
Apr 08, 2018 5:29:11 PM com.project.compiler.Driver.SemanticDriver execute
INFO: HTML Symbol Table save to: TestCases\Semantic\1\SEMANTIC_ACTION_SymbolTable.html
Apr 08, 2018 5:29:11 PM com.project.compiler.Driver.SemanticDriver saveErrorCollections
INFO: SEMANTIC Errors are save to: TestCases\Semantic\1\SEMANTIC_ACTION_Errors.log
Apr 08, 2018 5:29:11 PM com.project.compiler.Driver.SemanticDriver saveErrorCollections
INFO: All Errors are save to: TestCases\Semantic\1\SEMANTIC_ACTION_AllErrors.log
Apr 08, 2018 5:29:11 PM com.project.compiler.Driver.SemanticDriver execute
INFO: Abstract Syntax Tree is save to: TestCases\Semantic\1\SEMANTIC_AST_Ast.txt
Apr 08, 2018 5:29:11 PM com.project.compiler.Driver.SemanticDriver saveErrorCollections
INFO: SEMANTIC Errors are save to: TestCases\Semantic\1\SEMANTIC_AST_Errors.log
Apr 08, 2018 5:29:11 PM com.project.compiler.Driver.SemanticDriver saveErrorCollections
INFO: All Errors are save to: TestCases\Semantic\1\SEMANTIC_AST_AllErrors.log
Apr 08, 2018 5:30:25 PM com.project.compiler.Driver.SemanticDriver execute
INFO: .. Starting ...
Apr 08, 2018 5:30:25 PM com.project.compiler.Driver.SemanticDriver execute
INFO: ..........................Executing Test Case 1 ..........................
Apr 08, 2018 5:30:25 PM com.project.compiler.Driver.SemanticDriver execute
INFO: testCases file path: TestCases\Semantic\1\1_workingSample.txt
Apr 08, 2018 5:30:25 PM com.project.compiler.Driver.SemanticDriver execute
INFO: Simple Symbol Table save to: TestCases\Semantic\1\SEMANTIC_ACTION_SymbolTable.txt
Apr 08, 2018 5:30:25 PM com.project.compiler.Driver.SemanticDriver execute
INFO: HTML Symbol Table save to: TestCases\Semantic\1\SEMANTIC_ACTION_SymbolTable.html
Apr 08, 2018 5:30:25 PM com.project.compiler.Driver.SemanticDriver saveErrorCollections
INFO: SEMANTIC Errors are save to: TestCases\Semantic\1\SEMANTIC_ACTION_Errors.txt
Apr 08, 2018 5:30:25 PM com.project.compiler.Driver.SemanticDriver saveErrorCollections
INFO: All Errors are save to: TestCases\Semantic\1\SEMANTIC_ACTION_AllErrors.txt
Apr 08, 2018 5:30:25 PM com.project.compiler.Driver.SemanticDriver execute
INFO: Abstract Syntax Tree is save to: TestCases\Semantic\1\SEMANTIC_AST_Ast.txt
Apr 08, 2018 5:30:25 PM com.project.compiler.Driver.SemanticDriver saveErrorCollections
INFO: SEMANTIC Errors are save to: TestCases\Semantic\1\SEMANTIC_AST_Errors.txt
Apr 08, 2018 5:30:25 PM com.project.compiler.Driver.SemanticDriver saveErrorCollections
INFO: All Errors are save to: TestCases\Semantic\1\SEMANTIC_AST_AllErrors.txt
Apr 08, 2018 5:32:09 PM com.project.compiler.Driver.SemanticDriver execute
INFO: .. Starting ...
Apr 08, 2018 5:32:09 PM com.project.compiler.Driver.SemanticDriver execute
INFO: ..........................Executing Test Case 1 ..........................
Apr 08, 2018 5:32:09 PM com.project.compiler.Driver.SemanticDriver execute
INFO: testCases file path: TestCases\Semantic\1\1_workingSample.txt
Apr 08, 2018 5:32:09 PM com.project.compiler.Driver.SemanticDriver execute
INFO: Simple Symbol Table save to: TestCases\Semantic\1\SEMANTIC_ACTION_SymbolTable.txt
Apr 08, 2018 5:32:09 PM com.project.compiler.Driver.SemanticDriver execute
INFO: HTML Symbol Table save to: TestCases\Semantic\1\SEMANTIC_ACTION_SymbolTable.html
Apr 08, 2018 5:32:09 PM com.project.compiler.Driver.SemanticDriver saveErrorCollections
INFO: SEMANTIC Errors are save to: TestCases\Semantic\1\SEMANTIC_ACTION_Errors.txt
Apr 08, 2018 5:32:09 PM com.project.compiler.Driver.SemanticDriver saveErrorCollections
INFO: All Errors are save to: TestCases\Semantic\1\SEMANTIC_ACTION_AllErrors.txt
Apr 08, 2018 5:32:09 PM com.project.compiler.Driver.SemanticDriver execute
INFO: Abstract Syntax Tree is save to: TestCases\Semantic\1\SEMANTIC_AST_Ast.txt
Apr 08, 2018 5:32:09 PM com.project.compiler.Driver.SemanticDriver saveErrorCollections
INFO: SEMANTIC Errors are save to: TestCases\Semantic\1\SEMANTIC_AST_Errors.txt
Apr 08, 2018 5:32:09 PM com.project.compiler.Driver.SemanticDriver saveErrorCollections
INFO: All Errors are save to: TestCases\Semantic\1\SEMANTIC_AST_AllErrors.txt
Apr 08, 2018 5:34:06 PM com.project.compiler.Driver.SemanticDriver execute
INFO: .. Starting ...
Apr 08, 2018 5:34:06 PM com.project.compiler.Driver.SemanticDriver execute
INFO: ..........................Executing Test Case 1 ..........................
Apr 08, 2018 5:34:06 PM com.project.compiler.Driver.SemanticDriver execute
INFO: testCases file path: TestCases\Semantic\1\1_workingSample.txt
Apr 08, 2018 5:34:07 PM com.project.compiler.Driver.SemanticDriver execute
INFO: Simple Symbol Table save to: TestCases\Semantic\1\SEMANTIC_ACTION_SymbolTable.txt
Apr 08, 2018 5:34:07 PM com.project.compiler.Driver.SemanticDriver execute
INFO: HTML Symbol Table save to: TestCases\Semantic\1\SEMANTIC_ACTION_SymbolTable.html
Apr 08, 2018 5:34:07 PM com.project.compiler.Driver.SemanticDriver saveErrorCollections
INFO: SEMANTIC Errors are save to: TestCases\Semantic\1\SEMANTIC_ACTION_Errors.txt
Apr 08, 2018 5:34:07 PM com.project.compiler.Driver.SemanticDriver saveErrorCollections
INFO: All Errors are save to: TestCases\Semantic\1\SEMANTIC_ACTION_AllErrors.txt
Apr 08, 2018 5:34:07 PM com.project.compiler.Driver.SemanticDriver execute
INFO: Abstract Syntax Tree is save to: TestCases\Semantic\1\SEMANTIC_AST_Ast.txt
Apr 08, 2018 5:34:07 PM com.project.compiler.Driver.SemanticDriver saveErrorCollections
INFO: SEMANTIC Errors are save to: TestCases\Semantic\1\SEMANTIC_AST_Errors.txt
Apr 08, 2018 5:34:07 PM com.project.compiler.Driver.SemanticDriver saveErrorCollections
INFO: All Errors are save to: TestCases\Semantic\1\SEMANTIC_AST_AllErrors.txt
Apr 08, 2018 5:35:13 PM com.project.compiler.Driver.SemanticDriver execute
INFO: .. Starting ...
Apr 08, 2018 5:35:13 PM com.project.compiler.Driver.SemanticDriver execute
INFO: ..........................Executing Test Case 1 ..........................
Apr 08, 2018 5:35:13 PM com.project.compiler.Driver.SemanticDriver execute
INFO: testCases file path: TestCases\Semantic\1\1_workingSample.txt
Apr 08, 2018 5:35:13 PM com.project.compiler.Driver.SemanticDriver execute
INFO: Simple Symbol Table save to: TestCases\Semantic\1\SEMANTIC_ACTION_SymbolTable.txt
Apr 08, 2018 5:35:13 PM com.project.compiler.Driver.SemanticDriver execute
INFO: HTML Symbol Table save to: TestCases\Semantic\1\SEMANTIC_ACTION_SymbolTable.html
Apr 08, 2018 5:35:13 PM com.project.compiler.Driver.SemanticDriver saveErrorCollections
INFO: SEMANTIC Errors are save to: TestCases\Semantic\1\SEMANTIC_ACTION_Errors.txt
Apr 08, 2018 5:35:13 PM com.project.compiler.Driver.SemanticDriver saveErrorCollections
INFO: All Errors are save to: TestCases\Semantic\1\SEMANTIC_ACTION_AllErrors.txt
Apr 08, 2018 5:35:13 PM com.project.compiler.Driver.SemanticDriver execute
INFO: Abstract Syntax Tree is save to: TestCases\Semantic\1\SEMANTIC_AST_Ast.txt
Apr 08, 2018 5:35:13 PM com.project.compiler.Driver.SemanticDriver saveErrorCollections
INFO: SEMANTIC Errors are save to: TestCases\Semantic\1\SEMANTIC_AST_Errors.txt
Apr 08, 2018 5:35:13 PM com.project.compiler.Driver.SemanticDriver saveErrorCollections
INFO: All Errors are save to: TestCases\Semantic\1\SEMANTIC_AST_AllErrors.txt
Apr 08, 2018 5:36:47 PM com.project.compiler.Driver.SemanticDriver execute
INFO: .. Starting ...
Apr 08, 2018 5:36:47 PM com.project.compiler.Driver.SemanticDriver execute
INFO: ..........................Executing Test Case 1 ..........................
Apr 08, 2018 5:36:47 PM com.project.compiler.Driver.SemanticDriver execute
INFO: testCases file path: TestCases\Semantic\1\1_workingSample.txt
Apr 08, 2018 5:36:47 PM com.project.compiler.Driver.SemanticDriver execute
INFO: Simple Symbol Table save to: TestCases\Semantic\1\SEMANTIC_ACTION_SymbolTable.txt
Apr 08, 2018 5:36:47 PM com.project.compiler.Driver.SemanticDriver execute
INFO: HTML Symbol Table save to: TestCases\Semantic\1\SEMANTIC_ACTION_SymbolTable.html
Apr 08, 2018 5:36:47 PM com.project.compiler.Driver.SemanticDriver saveErrorCollections
INFO: SEMANTIC Errors are save to: TestCases\Semantic\1\SEMANTIC_ACTION_Errors.txt
Apr 08, 2018 5:36:47 PM com.project.compiler.Driver.SemanticDriver saveErrorCollections
INFO: All Errors are save to: TestCases\Semantic\1\SEMANTIC_ACTION_AllErrors.txt
Apr 08, 2018 5:36:47 PM com.project.compiler.Driver.SemanticDriver execute
INFO: Abstract Syntax Tree is save to: TestCases\Semantic\1\SEMANTIC_AST_Ast.txt
Apr 08, 2018 5:36:47 PM com.project.compiler.Driver.SemanticDriver saveErrorCollections
INFO: SEMANTIC Errors are save to: TestCases\Semantic\1\SEMANTIC_AST_Errors.txt
Apr 08, 2018 5:36:47 PM com.project.compiler.Driver.SemanticDriver saveErrorCollections
INFO: All Errors are save to: TestCases\Semantic\1\SEMANTIC_AST_AllErrors.txt
Apr 08, 2018 5:52:32 PM com.project.compiler.Driver.SemanticDriver execute
INFO: .. Starting ...
Apr 08, 2018 5:52:32 PM com.project.compiler.Driver.SemanticDriver execute
INFO: ..........................Executing Test Case 1 ..........................
Apr 08, 2018 5:52:32 PM com.project.compiler.Driver.SemanticDriver execute
INFO: testCases file path: TestCases\Semantic\1\1_workingSample.txt
Apr 08, 2018 5:52:32 PM com.project.compiler.Driver.SemanticDriver execute
INFO: Simple Symbol Table save to: TestCases\Semantic\1\SEMANTIC_ACTION_SymbolTable.txt
Apr 08, 2018 5:52:32 PM com.project.compiler.Driver.SemanticDriver execute
INFO: HTML Symbol Table save to: TestCases\Semantic\1\SEMANTIC_ACTION_SymbolTable.html
Apr 08, 2018 5:52:32 PM com.project.compiler.Driver.SemanticDriver saveErrorCollections
INFO: SEMANTIC Errors are save to: TestCases\Semantic\1\SEMANTIC_ACTION_Errors.txt
Apr 08, 2018 5:52:32 PM com.project.compiler.Driver.SemanticDriver saveErrorCollections
INFO: All Errors are save to: TestCases\Semantic\1\SEMANTIC_ACTION_AllErrors.txt
Apr 08, 2018 5:52:32 PM com.project.compiler.Driver.SemanticDriver execute
INFO: Abstract Syntax Tree is save to: TestCases\Semantic\1\SEMANTIC_AST_Ast.txt
Apr 08, 2018 5:52:32 PM com.project.compiler.Driver.SemanticDriver execute
INFO: Abstract Syntax Tree is save to: TestCases\Semantic\1\SEMANTIC_AST_SymbolTable.txt
Apr 08, 2018 5:52:32 PM com.project.compiler.Driver.SemanticDriver saveErrorCollections
INFO: SEMANTIC Errors are save to: TestCases\Semantic\1\SEMANTIC_AST_Errors.txt
Apr 08, 2018 5:52:32 PM com.project.compiler.Driver.SemanticDriver saveErrorCollections
INFO: All Errors are save to: TestCases\Semantic\1\SEMANTIC_AST_AllErrors.txt
Apr 08, 2018 5:55:12 PM com.project.compiler.Driver.SemanticDriver execute
INFO: .. Starting ...
Apr 08, 2018 5:55:12 PM com.project.compiler.Driver.SemanticDriver execute
INFO: ..........................Executing Test Case 1 ..........................
Apr 08, 2018 5:55:12 PM com.project.compiler.Driver.SemanticDriver execute
INFO: testCases file path: TestCases\Semantic\1\1_workingSample.txt
Apr 08, 2018 5:55:12 PM com.project.compiler.Driver.SemanticDriver execute
INFO: Simple Symbol Table save to: TestCases\Semantic\1\SEMANTIC_ACTION_SymbolTable.txt
Apr 08, 2018 5:55:12 PM com.project.compiler.Driver.SemanticDriver execute
INFO: HTML Symbol Table save to: TestCases\Semantic\1\SEMANTIC_ACTION_SymbolTable.html
Apr 08, 2018 5:55:12 PM com.project.compiler.Driver.SemanticDriver saveErrorCollections
INFO: SEMANTIC Errors are save to: TestCases\Semantic\1\SEMANTIC_ACTION_Errors.txt
Apr 08, 2018 5:55:12 PM com.project.compiler.Driver.SemanticDriver saveErrorCollections
INFO: All Errors are save to: TestCases\Semantic\1\SEMANTIC_ACTION_AllErrors.txt
Apr 08, 2018 5:55:12 PM com.project.compiler.Driver.SemanticDriver execute
INFO: Abstract Syntax Tree is save to: TestCases\Semantic\1\SEMANTIC_AST_Ast.txt
Apr 08, 2018 5:55:12 PM com.project.compiler.Driver.SemanticDriver execute
INFO: Abstract Syntax Tree is save to: TestCases\Semantic\1\SEMANTIC_AST_SymbolTable.txt
Apr 08, 2018 5:55:13 PM com.project.compiler.Driver.SemanticDriver saveErrorCollections
INFO: SEMANTIC Errors are save to: TestCases\Semantic\1\SEMANTIC_AST_Errors.txt
Apr 08, 2018 5:55:13 PM com.project.compiler.Driver.SemanticDriver saveErrorCollections
INFO: All Errors are save to: TestCases\Semantic\1\SEMANTIC_AST_AllErrors.txt
Apr 09, 2018 12:04:16 PM com.project.compiler.Driver.SemanticDriver execute
INFO: .. Starting ...
Apr 09, 2018 12:04:17 PM com.project.compiler.Driver.SemanticDriver execute
INFO: ..........................Executing Test Case 1 ..........................
Apr 09, 2018 12:04:17 PM com.project.compiler.Driver.SemanticDriver execute
INFO: testCases file path: TestCases\Semantic\1\1_workingSample.txt
Apr 09, 2018 12:04:17 PM com.project.compiler.Driver.SemanticDriver execute
INFO: Simple Symbol Table save to: TestCases\Semantic\1\SEMANTIC_ACTION_SymbolTable.txt
Apr 09, 2018 12:04:17 PM com.project.compiler.Driver.SemanticDriver execute
INFO: HTML Symbol Table save to: TestCases\Semantic\1\SEMANTIC_ACTION_SymbolTable.html
Apr 09, 2018 12:04:17 PM com.project.compiler.Driver.SemanticDriver saveErrorCollections
INFO: SEMANTIC Errors are save to: TestCases\Semantic\1\SEMANTIC_ACTION_Errors.txt
Apr 09, 2018 12:04:17 PM com.project.compiler.Driver.SemanticDriver saveErrorCollections
INFO: All Errors are save to: TestCases\Semantic\1\SEMANTIC_ACTION_AllErrors.txt
Apr 09, 2018 12:04:17 PM com.project.compiler.Driver.SemanticDriver execute
INFO: Abstract Syntax Tree is save to: TestCases\Semantic\1\SEMANTIC_AST_Ast.txt
Apr 09, 2018 12:04:17 PM com.project.compiler.Driver.SemanticDriver execute
INFO: Abstract Syntax Tree is save to: TestCases\Semantic\1\SEMANTIC_AST_SymbolTable.txt
Apr 09, 2018 12:04:17 PM com.project.compiler.Driver.SemanticDriver saveErrorCollections
INFO: SEMANTIC Errors are save to: TestCases\Semantic\1\SEMANTIC_AST_Errors.txt
Apr 09, 2018 12:04:17 PM com.project.compiler.Driver.SemanticDriver saveErrorCollections
INFO: All Errors are save to: TestCases\Semantic\1\SEMANTIC_AST_AllErrors.txt
Apr 09, 2018 12:09:05 PM com.project.compiler.Driver.SemanticDriver execute
INFO: .. Starting ...
Apr 09, 2018 12:09:05 PM com.project.compiler.Driver.SemanticDriver execute
INFO: ..........................Executing Test Case 1 ..........................
Apr 09, 2018 12:09:05 PM com.project.compiler.Driver.SemanticDriver execute
INFO: testCases file path: TestCases\Semantic\1\profExample.txt
Apr 09, 2018 12:09:06 PM com.project.compiler.Driver.SemanticDriver execute
INFO: Simple Symbol Table save to: TestCases\Semantic\1\SEMANTIC_ACTION_SymbolTable.txt
Apr 09, 2018 12:09:06 PM com.project.compiler.Driver.SemanticDriver execute
INFO: HTML Symbol Table save to: TestCases\Semantic\1\SEMANTIC_ACTION_SymbolTable.html
Apr 09, 2018 12:09:06 PM com.project.compiler.Driver.SemanticDriver saveErrorCollections
INFO: SEMANTIC Errors are save to: TestCases\Semantic\1\SEMANTIC_ACTION_Errors.txt
Apr 09, 2018 12:09:06 PM com.project.compiler.Driver.SemanticDriver saveErrorCollections
INFO: All Errors are save to: TestCases\Semantic\1\SEMANTIC_ACTION_AllErrors.txt
Apr 09, 2018 12:09:06 PM com.project.compiler.Driver.SemanticDriver execute
SEVERE: an exception was thrown
java.lang.IndexOutOfBoundsException: Index: 0, Size: 0
	at java.util.ArrayList.rangeCheck(ArrayList.java:653)
	at java.util.ArrayList.get(ArrayList.java:429)
	at com.project.compiler.Visitor.SymbolTableCreation.visit(SymbolTableCreation.java:32)
	at com.project.compiler.Ast.ProgNode.accept(ProgNode.java:36)
	at com.project.compiler.Semantic.SemanticAnalysis.starVisiting(SemanticAnalysis.java:38)
	at com.project.compiler.Driver.SemanticDriver.execute(SemanticDriver.java:133)
	at com.project.compiler.Driver.SemanticDriver.main(SemanticDriver.java:71)

Apr 09, 2018 12:09:59 PM com.project.compiler.Driver.SemanticDriver execute
INFO: .. Starting ...
Apr 09, 2018 12:09:59 PM com.project.compiler.Driver.SemanticDriver execute
INFO: ..........................Executing Test Case 1 ..........................
Apr 09, 2018 12:09:59 PM com.project.compiler.Driver.SemanticDriver execute
INFO: testCases file path: TestCases\Semantic\1\1_profExample.txt
Apr 09, 2018 12:09:59 PM com.project.compiler.Driver.SemanticDriver execute
INFO: Simple Symbol Table save to: TestCases\Semantic\1\SEMANTIC_ACTION_SymbolTable.txt
Apr 09, 2018 12:09:59 PM com.project.compiler.Driver.SemanticDriver execute
INFO: HTML Symbol Table save to: TestCases\Semantic\1\SEMANTIC_ACTION_SymbolTable.html
Apr 09, 2018 12:09:59 PM com.project.compiler.Driver.SemanticDriver saveErrorCollections
INFO: SEMANTIC Errors are save to: TestCases\Semantic\1\SEMANTIC_ACTION_Errors.txt
Apr 09, 2018 12:09:59 PM com.project.compiler.Driver.SemanticDriver saveErrorCollections
INFO: All Errors are save to: TestCases\Semantic\1\SEMANTIC_ACTION_AllErrors.txt
Apr 09, 2018 12:09:59 PM com.project.compiler.Driver.SemanticDriver execute
SEVERE: an exception was thrown
java.lang.IndexOutOfBoundsException: Index: 0, Size: 0
	at java.util.ArrayList.rangeCheck(ArrayList.java:653)
	at java.util.ArrayList.get(ArrayList.java:429)
	at com.project.compiler.Visitor.SymbolTableCreation.visit(SymbolTableCreation.java:32)
	at com.project.compiler.Ast.ProgNode.accept(ProgNode.java:36)
	at com.project.compiler.Semantic.SemanticAnalysis.starVisiting(SemanticAnalysis.java:38)
	at com.project.compiler.Driver.SemanticDriver.execute(SemanticDriver.java:133)
	at com.project.compiler.Driver.SemanticDriver.main(SemanticDriver.java:71)

Apr 09, 2018 12:16:11 PM com.project.compiler.Driver.SemanticDriver execute
INFO: .. Starting ...
Apr 09, 2018 12:16:11 PM com.project.compiler.Driver.SemanticDriver execute
INFO: ..........................Executing Test Case 1 ..........................
Apr 09, 2018 12:16:11 PM com.project.compiler.Driver.SemanticDriver execute
INFO: testCases file path: TestCases\Semantic\1\1_profExample.txt
Apr 09, 2018 12:16:11 PM com.project.compiler.Driver.SemanticDriver execute
INFO: Simple Symbol Table save to: TestCases\Semantic\1\SEMANTIC_ACTION_SymbolTable.txt
Apr 09, 2018 12:16:11 PM com.project.compiler.Driver.SemanticDriver execute
INFO: HTML Symbol Table save to: TestCases\Semantic\1\SEMANTIC_ACTION_SymbolTable.html
Apr 09, 2018 12:16:11 PM com.project.compiler.Driver.SemanticDriver saveErrorCollections
INFO: SEMANTIC Errors are save to: TestCases\Semantic\1\SEMANTIC_ACTION_Errors.txt
Apr 09, 2018 12:16:11 PM com.project.compiler.Driver.SemanticDriver saveErrorCollections
INFO: All Errors are save to: TestCases\Semantic\1\SEMANTIC_ACTION_AllErrors.txt
Apr 09, 2018 12:16:11 PM com.project.compiler.Driver.SemanticDriver execute
INFO: Abstract Syntax Tree is save to: TestCases\Semantic\1\SEMANTIC_AST_Ast.txt
Apr 09, 2018 12:16:11 PM com.project.compiler.Driver.SemanticDriver execute
INFO: Abstract Syntax Tree is save to: TestCases\Semantic\1\SEMANTIC_AST_SymbolTable.txt
Apr 09, 2018 12:16:11 PM com.project.compiler.Driver.SemanticDriver saveErrorCollections
INFO: SEMANTIC Errors are save to: TestCases\Semantic\1\SEMANTIC_AST_Errors.txt
Apr 09, 2018 12:16:11 PM com.project.compiler.Driver.SemanticDriver saveErrorCollections
INFO: All Errors are save to: TestCases\Semantic\1\SEMANTIC_AST_AllErrors.txt
Apr 09, 2018 12:17:34 PM com.project.compiler.Driver.SemanticDriver execute
INFO: .. Starting ...
Apr 09, 2018 12:17:34 PM com.project.compiler.Driver.SemanticDriver execute
INFO: ..........................Executing Test Case 1 ..........................
Apr 09, 2018 12:17:34 PM com.project.compiler.Driver.SemanticDriver execute
INFO: testCases file path: TestCases\Semantic\1\1_profExample.txt
Apr 09, 2018 12:29:24 PM com.project.compiler.Driver.SemanticDriver execute
INFO: Simple Symbol Table save to: TestCases\Semantic\1\SEMANTIC_ACTION_SymbolTable.txt
Apr 09, 2018 12:29:24 PM com.project.compiler.Driver.SemanticDriver execute
INFO: HTML Symbol Table save to: TestCases\Semantic\1\SEMANTIC_ACTION_SymbolTable.html
Apr 09, 2018 12:29:24 PM com.project.compiler.Driver.SemanticDriver saveErrorCollections
INFO: SEMANTIC Errors are save to: TestCases\Semantic\1\SEMANTIC_ACTION_Errors.txt
Apr 09, 2018 12:29:24 PM com.project.compiler.Driver.SemanticDriver saveErrorCollections
INFO: All Errors are save to: TestCases\Semantic\1\SEMANTIC_ACTION_AllErrors.txt
Apr 09, 2018 12:29:24 PM com.project.compiler.Driver.SemanticDriver execute
SEVERE: an exception was thrown
java.lang.IndexOutOfBoundsException: Index: 0, Size: 0
	at java.util.ArrayList.rangeCheck(ArrayList.java:653)
	at java.util.ArrayList.get(ArrayList.java:429)
	at com.project.compiler.Visitor.SymbolTableCreation.visit(SymbolTableCreation.java:32)
	at com.project.compiler.Ast.ProgNode.accept(ProgNode.java:36)
	at com.project.compiler.Semantic.SemanticAnalysis.starVisiting(SemanticAnalysis.java:40)
	at com.project.compiler.Driver.SemanticDriver.execute(SemanticDriver.java:133)
	at com.project.compiler.Driver.SemanticDriver.main(SemanticDriver.java:71)

Apr 09, 2018 12:29:45 PM com.project.compiler.Driver.SemanticDriver execute
INFO: .. Starting ...
Apr 09, 2018 12:29:45 PM com.project.compiler.Driver.SemanticDriver execute
INFO: ..........................Executing Test Case 1 ..........................
Apr 09, 2018 12:29:45 PM com.project.compiler.Driver.SemanticDriver execute
INFO: testCases file path: TestCases\Semantic\1\1_profExample.txt
Apr 09, 2018 12:29:45 PM com.project.compiler.Driver.SemanticDriver execute
INFO: Simple Symbol Table save to: TestCases\Semantic\1\SEMANTIC_ACTION_SymbolTable.txt
Apr 09, 2018 12:29:45 PM com.project.compiler.Driver.SemanticDriver execute
INFO: HTML Symbol Table save to: TestCases\Semantic\1\SEMANTIC_ACTION_SymbolTable.html
Apr 09, 2018 12:29:45 PM com.project.compiler.Driver.SemanticDriver saveErrorCollections
INFO: SEMANTIC Errors are save to: TestCases\Semantic\1\SEMANTIC_ACTION_Errors.txt
Apr 09, 2018 12:29:45 PM com.project.compiler.Driver.SemanticDriver saveErrorCollections
INFO: All Errors are save to: TestCases\Semantic\1\SEMANTIC_ACTION_AllErrors.txt
Apr 09, 2018 12:29:45 PM com.project.compiler.Driver.SemanticDriver execute
SEVERE: an exception was thrown
java.lang.IndexOutOfBoundsException: Index: 0, Size: 0
	at java.util.ArrayList.rangeCheck(ArrayList.java:653)
	at java.util.ArrayList.get(ArrayList.java:429)
	at com.project.compiler.Visitor.SymbolTableCreation.visit(SymbolTableCreation.java:32)
	at com.project.compiler.Ast.ProgNode.accept(ProgNode.java:36)
	at com.project.compiler.Semantic.SemanticAnalysis.starVisiting(SemanticAnalysis.java:40)
	at com.project.compiler.Driver.SemanticDriver.execute(SemanticDriver.java:133)
	at com.project.compiler.Driver.SemanticDriver.main(SemanticDriver.java:71)

Apr 09, 2018 12:30:23 PM com.project.compiler.Driver.SemanticDriver execute
INFO: .. Starting ...
Apr 09, 2018 12:30:23 PM com.project.compiler.Driver.SemanticDriver execute
INFO: ..........................Executing Test Case 1 ..........................
Apr 09, 2018 12:30:23 PM com.project.compiler.Driver.SemanticDriver execute
INFO: testCases file path: TestCases\Semantic\1\1_profExample.txt
Apr 09, 2018 12:30:23 PM com.project.compiler.Driver.SemanticDriver execute
INFO: Simple Symbol Table save to: TestCases\Semantic\1\SEMANTIC_ACTION_SymbolTable.txt
Apr 09, 2018 12:30:23 PM com.project.compiler.Driver.SemanticDriver execute
INFO: HTML Symbol Table save to: TestCases\Semantic\1\SEMANTIC_ACTION_SymbolTable.html
Apr 09, 2018 12:30:23 PM com.project.compiler.Driver.SemanticDriver saveErrorCollections
INFO: SEMANTIC Errors are save to: TestCases\Semantic\1\SEMANTIC_ACTION_Errors.txt
Apr 09, 2018 12:30:23 PM com.project.compiler.Driver.SemanticDriver saveErrorCollections
INFO: All Errors are save to: TestCases\Semantic\1\SEMANTIC_ACTION_AllErrors.txt
Apr 09, 2018 12:30:23 PM com.project.compiler.Driver.SemanticDriver execute
SEVERE: an exception was thrown
java.lang.IndexOutOfBoundsException: Index: 0, Size: 0
	at java.util.ArrayList.rangeCheck(ArrayList.java:653)
	at java.util.ArrayList.get(ArrayList.java:429)
	at com.project.compiler.Visitor.SymbolTableCreation.visit(SymbolTableCreation.java:32)
	at com.project.compiler.Ast.ProgNode.accept(ProgNode.java:36)
	at com.project.compiler.Semantic.SemanticAnalysis.starVisiting(SemanticAnalysis.java:40)
	at com.project.compiler.Driver.SemanticDriver.execute(SemanticDriver.java:133)
	at com.project.compiler.Driver.SemanticDriver.main(SemanticDriver.java:71)

Apr 09, 2018 12:30:30 PM com.project.compiler.Driver.SemanticDriver execute
INFO: .. Starting ...
Apr 09, 2018 12:30:30 PM com.project.compiler.Driver.SemanticDriver execute
INFO: ..........................Executing Test Case 1 ..........................
Apr 09, 2018 12:30:30 PM com.project.compiler.Driver.SemanticDriver execute
INFO: testCases file path: TestCases\Semantic\1\1_profExample.txt
Apr 09, 2018 12:32:15 PM com.project.compiler.Driver.SemanticDriver execute
INFO: .. Starting ...
Apr 09, 2018 12:32:15 PM com.project.compiler.Driver.SemanticDriver execute
INFO: ..........................Executing Test Case 1 ..........................
Apr 09, 2018 12:32:15 PM com.project.compiler.Driver.SemanticDriver execute
INFO: testCases file path: TestCases\Semantic\1\1_profExample.txt
Apr 09, 2018 12:33:07 PM com.project.compiler.Driver.SemanticDriver execute
INFO: .. Starting ...
Apr 09, 2018 12:33:07 PM com.project.compiler.Driver.SemanticDriver execute
INFO: ..........................Executing Test Case 1 ..........................
Apr 09, 2018 12:33:07 PM com.project.compiler.Driver.SemanticDriver execute
INFO: testCases file path: TestCases\Semantic\1\1_profExample.txt
Apr 09, 2018 12:33:30 PM com.project.compiler.Driver.SemanticDriver execute
INFO: Simple Symbol Table save to: TestCases\Semantic\1\SEMANTIC_ACTION_SymbolTable.txt
Apr 09, 2018 12:33:30 PM com.project.compiler.Driver.SemanticDriver execute
INFO: HTML Symbol Table save to: TestCases\Semantic\1\SEMANTIC_ACTION_SymbolTable.html
Apr 09, 2018 12:33:30 PM com.project.compiler.Driver.SemanticDriver saveErrorCollections
INFO: SEMANTIC Errors are save to: TestCases\Semantic\1\SEMANTIC_ACTION_Errors.txt
Apr 09, 2018 12:33:30 PM com.project.compiler.Driver.SemanticDriver saveErrorCollections
INFO: All Errors are save to: TestCases\Semantic\1\SEMANTIC_ACTION_AllErrors.txt
Apr 09, 2018 12:33:30 PM com.project.compiler.Driver.SemanticDriver execute
SEVERE: an exception was thrown
java.lang.IndexOutOfBoundsException: Index: 2, Size: 2
	at java.util.ArrayList.rangeCheck(ArrayList.java:653)
	at java.util.ArrayList.get(ArrayList.java:429)
	at com.project.compiler.Visitor.SymbolTableCreation.visit(SymbolTableCreation.java:92)
	at com.project.compiler.Ast.FuncDefNode.accept(FuncDefNode.java:33)
	at com.project.compiler.Ast.FuncDefListNode.accept(FuncDefListNode.java:26)
	at com.project.compiler.Ast.ProgNode.accept(ProgNode.java:35)
	at com.project.compiler.Semantic.SemanticAnalysis.starVisiting(SemanticAnalysis.java:40)
	at com.project.compiler.Driver.SemanticDriver.execute(SemanticDriver.java:133)
	at com.project.compiler.Driver.SemanticDriver.main(SemanticDriver.java:71)

Apr 09, 2018 12:34:20 PM com.project.compiler.Driver.SemanticDriver execute
INFO: .. Starting ...
Apr 09, 2018 12:34:20 PM com.project.compiler.Driver.SemanticDriver execute
INFO: ..........................Executing Test Case 1 ..........................
Apr 09, 2018 12:34:20 PM com.project.compiler.Driver.SemanticDriver execute
INFO: testCases file path: TestCases\Semantic\1\1_profExample.txt
Apr 09, 2018 12:34:20 PM com.project.compiler.Driver.SemanticDriver execute
INFO: Simple Symbol Table save to: TestCases\Semantic\1\SEMANTIC_ACTION_SymbolTable.txt
Apr 09, 2018 12:34:20 PM com.project.compiler.Driver.SemanticDriver execute
INFO: HTML Symbol Table save to: TestCases\Semantic\1\SEMANTIC_ACTION_SymbolTable.html
Apr 09, 2018 12:34:20 PM com.project.compiler.Driver.SemanticDriver saveErrorCollections
INFO: SEMANTIC Errors are save to: TestCases\Semantic\1\SEMANTIC_ACTION_Errors.txt
Apr 09, 2018 12:34:21 PM com.project.compiler.Driver.SemanticDriver saveErrorCollections
INFO: All Errors are save to: TestCases\Semantic\1\SEMANTIC_ACTION_AllErrors.txt
Apr 09, 2018 12:34:21 PM com.project.compiler.Driver.SemanticDriver execute
SEVERE: an exception was thrown
java.lang.IndexOutOfBoundsException: Index: 2, Size: 2
	at java.util.ArrayList.rangeCheck(ArrayList.java:653)
	at java.util.ArrayList.get(ArrayList.java:429)
	at com.project.compiler.Visitor.SymbolTableCreation.visit(SymbolTableCreation.java:92)
	at com.project.compiler.Ast.FuncDefNode.accept(FuncDefNode.java:33)
	at com.project.compiler.Ast.FuncDefListNode.accept(FuncDefListNode.java:26)
	at com.project.compiler.Ast.ProgNode.accept(ProgNode.java:35)
	at com.project.compiler.Semantic.SemanticAnalysis.starVisiting(SemanticAnalysis.java:40)
	at com.project.compiler.Driver.SemanticDriver.execute(SemanticDriver.java:133)
	at com.project.compiler.Driver.SemanticDriver.main(SemanticDriver.java:71)

Apr 09, 2018 12:43:55 PM com.project.compiler.Driver.SemanticDriver execute
INFO: .. Starting ...
Apr 09, 2018 12:43:55 PM com.project.compiler.Driver.SemanticDriver execute
INFO: ..........................Executing Test Case 1 ..........................
Apr 09, 2018 12:43:55 PM com.project.compiler.Driver.SemanticDriver execute
INFO: testCases file path: TestCases\Semantic\1\1_profExample.txt
Apr 09, 2018 12:43:55 PM com.project.compiler.Driver.SemanticDriver execute
INFO: Simple Symbol Table save to: TestCases\Semantic\1\SEMANTIC_ACTION_SymbolTable.txt
Apr 09, 2018 12:43:55 PM com.project.compiler.Driver.SemanticDriver execute
INFO: HTML Symbol Table save to: TestCases\Semantic\1\SEMANTIC_ACTION_SymbolTable.html
Apr 09, 2018 12:43:55 PM com.project.compiler.Driver.SemanticDriver saveErrorCollections
INFO: SEMANTIC Errors are save to: TestCases\Semantic\1\SEMANTIC_ACTION_Errors.txt
Apr 09, 2018 12:43:55 PM com.project.compiler.Driver.SemanticDriver saveErrorCollections
INFO: All Errors are save to: TestCases\Semantic\1\SEMANTIC_ACTION_AllErrors.txt
Apr 09, 2018 12:43:55 PM com.project.compiler.Driver.SemanticDriver execute
SEVERE: an exception was thrown
java.lang.IndexOutOfBoundsException: Index: 2, Size: 2
	at java.util.ArrayList.rangeCheck(ArrayList.java:653)
	at java.util.ArrayList.get(ArrayList.java:429)
	at com.project.compiler.Visitor.SymbolTableCreation.visit(SymbolTableCreation.java:92)
	at com.project.compiler.Ast.FuncDefNode.accept(FuncDefNode.java:33)
	at com.project.compiler.Ast.FuncDefListNode.accept(FuncDefListNode.java:26)
	at com.project.compiler.Ast.ProgNode.accept(ProgNode.java:35)
	at com.project.compiler.Semantic.SemanticAnalysis.starVisiting(SemanticAnalysis.java:40)
	at com.project.compiler.Driver.SemanticDriver.execute(SemanticDriver.java:133)
	at com.project.compiler.Driver.SemanticDriver.main(SemanticDriver.java:71)

Apr 09, 2018 12:44:23 PM com.project.compiler.Driver.SemanticDriver execute
INFO: .. Starting ...
Apr 09, 2018 12:44:23 PM com.project.compiler.Driver.SemanticDriver execute
INFO: ..........................Executing Test Case 1 ..........................
Apr 09, 2018 12:44:23 PM com.project.compiler.Driver.SemanticDriver execute
INFO: testCases file path: TestCases\Semantic\1\1_profExample.txt
Apr 09, 2018 12:44:24 PM com.project.compiler.Driver.SemanticDriver execute
INFO: Simple Symbol Table save to: TestCases\Semantic\1\SEMANTIC_ACTION_SymbolTable.txt
Apr 09, 2018 12:44:24 PM com.project.compiler.Driver.SemanticDriver execute
INFO: HTML Symbol Table save to: TestCases\Semantic\1\SEMANTIC_ACTION_SymbolTable.html
Apr 09, 2018 12:44:24 PM com.project.compiler.Driver.SemanticDriver saveErrorCollections
INFO: SEMANTIC Errors are save to: TestCases\Semantic\1\SEMANTIC_ACTION_Errors.txt
Apr 09, 2018 12:44:24 PM com.project.compiler.Driver.SemanticDriver saveErrorCollections
INFO: All Errors are save to: TestCases\Semantic\1\SEMANTIC_ACTION_AllErrors.txt
Apr 09, 2018 12:44:24 PM com.project.compiler.Driver.SemanticDriver execute
SEVERE: an exception was thrown
java.lang.NullPointerException
	at com.project.compiler.Semantic.SemanticAnalysis.starVisiting(SemanticAnalysis.java:41)
	at com.project.compiler.Driver.SemanticDriver.execute(SemanticDriver.java:133)
	at com.project.compiler.Driver.SemanticDriver.main(SemanticDriver.java:71)

Apr 09, 2018 12:44:40 PM com.project.compiler.Driver.SemanticDriver execute
INFO: .. Starting ...
Apr 09, 2018 12:44:40 PM com.project.compiler.Driver.SemanticDriver execute
INFO: ..........................Executing Test Case 1 ..........................
Apr 09, 2018 12:44:40 PM com.project.compiler.Driver.SemanticDriver execute
INFO: testCases file path: TestCases\Semantic\1\1_profExample.txt
Apr 09, 2018 12:44:40 PM com.project.compiler.Driver.SemanticDriver execute
INFO: Simple Symbol Table save to: TestCases\Semantic\1\SEMANTIC_ACTION_SymbolTable.txt
Apr 09, 2018 12:44:40 PM com.project.compiler.Driver.SemanticDriver execute
INFO: HTML Symbol Table save to: TestCases\Semantic\1\SEMANTIC_ACTION_SymbolTable.html
Apr 09, 2018 12:44:40 PM com.project.compiler.Driver.SemanticDriver saveErrorCollections
INFO: SEMANTIC Errors are save to: TestCases\Semantic\1\SEMANTIC_ACTION_Errors.txt
Apr 09, 2018 12:44:40 PM com.project.compiler.Driver.SemanticDriver saveErrorCollections
INFO: All Errors are save to: TestCases\Semantic\1\SEMANTIC_ACTION_AllErrors.txt
Apr 09, 2018 12:44:41 PM com.project.compiler.Driver.SemanticDriver execute
INFO: Abstract Syntax Tree is save to: TestCases\Semantic\1\SEMANTIC_AST_Ast.txt
Apr 09, 2018 12:44:41 PM com.project.compiler.Driver.SemanticDriver execute
INFO: Abstract Syntax Tree is save to: TestCases\Semantic\1\SEMANTIC_AST_SymbolTable.txt
Apr 09, 2018 12:44:41 PM com.project.compiler.Driver.SemanticDriver saveErrorCollections
INFO: SEMANTIC Errors are save to: TestCases\Semantic\1\SEMANTIC_AST_Errors.txt
Apr 09, 2018 12:44:41 PM com.project.compiler.Driver.SemanticDriver saveErrorCollections
INFO: All Errors are save to: TestCases\Semantic\1\SEMANTIC_AST_AllErrors.txt
Apr 09, 2018 12:50:03 PM com.project.compiler.Driver.SemanticDriver execute
INFO: .. Starting ...
Apr 09, 2018 12:50:03 PM com.project.compiler.Driver.SemanticDriver execute
INFO: ..........................Executing Test Case 1 ..........................
Apr 09, 2018 12:50:03 PM com.project.compiler.Driver.SemanticDriver execute
INFO: testCases file path: TestCases\Semantic\1\1_profExample.txt
Apr 09, 2018 12:50:13 PM com.project.compiler.Driver.SemanticDriver execute
INFO: Simple Symbol Table save to: TestCases\Semantic\1\SEMANTIC_ACTION_SymbolTable.txt
Apr 09, 2018 12:50:13 PM com.project.compiler.Driver.SemanticDriver execute
INFO: HTML Symbol Table save to: TestCases\Semantic\1\SEMANTIC_ACTION_SymbolTable.html
Apr 09, 2018 12:50:13 PM com.project.compiler.Driver.SemanticDriver saveErrorCollections
INFO: SEMANTIC Errors are save to: TestCases\Semantic\1\SEMANTIC_ACTION_Errors.txt
Apr 09, 2018 12:50:13 PM com.project.compiler.Driver.SemanticDriver saveErrorCollections
INFO: All Errors are save to: TestCases\Semantic\1\SEMANTIC_ACTION_AllErrors.txt
Apr 09, 2018 12:56:08 PM com.project.compiler.Driver.SemanticDriver execute
INFO: Abstract Syntax Tree is save to: TestCases\Semantic\1\SEMANTIC_AST_Ast.txt
Apr 09, 2018 12:56:08 PM com.project.compiler.Driver.SemanticDriver execute
INFO: Abstract Syntax Tree is save to: TestCases\Semantic\1\SEMANTIC_AST_SymbolTable.txt
Apr 09, 2018 12:56:08 PM com.project.compiler.Driver.SemanticDriver saveErrorCollections
INFO: SEMANTIC Errors are save to: TestCases\Semantic\1\SEMANTIC_AST_Errors.txt
Apr 09, 2018 12:56:08 PM com.project.compiler.Driver.SemanticDriver saveErrorCollections
INFO: All Errors are save to: TestCases\Semantic\1\SEMANTIC_AST_AllErrors.txt
Apr 09, 2018 1:04:52 PM com.project.compiler.Driver.SemanticDriver execute
INFO: .. Starting ...
Apr 09, 2018 1:04:52 PM com.project.compiler.Driver.SemanticDriver execute
INFO: ..........................Executing Test Case 1 ..........................
Apr 09, 2018 1:04:52 PM com.project.compiler.Driver.SemanticDriver execute
INFO: testCases file path: TestCases\Semantic\1\1_profExample.txt
Apr 09, 2018 1:04:52 PM com.project.compiler.Driver.SemanticDriver execute
INFO: Simple Symbol Table save to: TestCases\Semantic\1\SEMANTIC_ACTION_SymbolTable.txt
Apr 09, 2018 1:04:52 PM com.project.compiler.Driver.SemanticDriver execute
INFO: HTML Symbol Table save to: TestCases\Semantic\1\SEMANTIC_ACTION_SymbolTable.html
Apr 09, 2018 1:04:52 PM com.project.compiler.Driver.SemanticDriver saveErrorCollections
INFO: SEMANTIC Errors are save to: TestCases\Semantic\1\SEMANTIC_ACTION_Errors.txt
Apr 09, 2018 1:04:52 PM com.project.compiler.Driver.SemanticDriver saveErrorCollections
INFO: All Errors are save to: TestCases\Semantic\1\SEMANTIC_ACTION_AllErrors.txt
Apr 09, 2018 1:25:29 PM com.project.compiler.Driver.SemanticDriver execute
INFO: .. Starting ...
Apr 09, 2018 1:25:29 PM com.project.compiler.Driver.SemanticDriver execute
INFO: ..........................Executing Test Case 1 ..........................
Apr 09, 2018 1:25:29 PM com.project.compiler.Driver.SemanticDriver execute
INFO: testCases file path: TestCases\Semantic\1\1_profExample.txt
Apr 09, 2018 1:35:19 PM com.project.compiler.Driver.SemanticDriver execute
INFO: .. Starting ...
Apr 09, 2018 1:35:19 PM com.project.compiler.Driver.SemanticDriver execute
INFO: ..........................Executing Test Case 1 ..........................
Apr 09, 2018 1:35:19 PM com.project.compiler.Driver.SemanticDriver execute
INFO: testCases file path: TestCases\Semantic\1\1_profExample.txt
Apr 09, 2018 1:36:34 PM com.project.compiler.Driver.SemanticDriver execute
INFO: .. Starting ...
Apr 09, 2018 1:36:34 PM com.project.compiler.Driver.SemanticDriver execute
INFO: ..........................Executing Test Case 1 ..........................
Apr 09, 2018 1:36:34 PM com.project.compiler.Driver.SemanticDriver execute
INFO: testCases file path: TestCases\Semantic\1\1_profExample.txt
Apr 09, 2018 1:55:35 PM com.project.compiler.Driver.SemanticDriver execute
INFO: Simple Symbol Table save to: TestCases\Semantic\1\SEMANTIC_ACTION_SymbolTable.txt
Apr 09, 2018 1:55:35 PM com.project.compiler.Driver.SemanticDriver execute
INFO: HTML Symbol Table save to: TestCases\Semantic\1\SEMANTIC_ACTION_SymbolTable.html
Apr 09, 2018 1:55:35 PM com.project.compiler.Driver.SemanticDriver saveErrorCollections
INFO: SEMANTIC Errors are save to: TestCases\Semantic\1\SEMANTIC_ACTION_Errors.txt
Apr 09, 2018 1:55:35 PM com.project.compiler.Driver.SemanticDriver saveErrorCollections
INFO: All Errors are save to: TestCases\Semantic\1\SEMANTIC_ACTION_AllErrors.txt
Apr 09, 2018 1:56:46 PM com.project.compiler.Driver.SemanticDriver execute
INFO: .. Starting ...
Apr 09, 2018 1:56:46 PM com.project.compiler.Driver.SemanticDriver execute
INFO: ..........................Executing Test Case 1 ..........................
Apr 09, 2018 1:56:46 PM com.project.compiler.Driver.SemanticDriver execute
INFO: testCases file path: TestCases\Semantic\1\1_profExample.txt
Apr 09, 2018 1:56:46 PM com.project.compiler.Driver.SemanticDriver execute
INFO: Simple Symbol Table save to: TestCases\Semantic\1\SEMANTIC_ACTION_SymbolTable.txt
Apr 09, 2018 1:56:46 PM com.project.compiler.Driver.SemanticDriver execute
INFO: HTML Symbol Table save to: TestCases\Semantic\1\SEMANTIC_ACTION_SymbolTable.html
Apr 09, 2018 1:56:46 PM com.project.compiler.Driver.SemanticDriver saveErrorCollections
INFO: SEMANTIC Errors are save to: TestCases\Semantic\1\SEMANTIC_ACTION_Errors.txt
Apr 09, 2018 1:56:46 PM com.project.compiler.Driver.SemanticDriver saveErrorCollections
INFO: All Errors are save to: TestCases\Semantic\1\SEMANTIC_ACTION_AllErrors.txt
Apr 09, 2018 1:56:46 PM com.project.compiler.Driver.SemanticDriver execute
INFO: Abstract Syntax Tree is save to: TestCases\Semantic\1\SEMANTIC_AST_Ast.txt
Apr 09, 2018 1:56:46 PM com.project.compiler.Driver.SemanticDriver execute
INFO: Abstract Syntax Tree is save to: TestCases\Semantic\1\SEMANTIC_AST_SymbolTable.txt
Apr 09, 2018 1:56:46 PM com.project.compiler.Driver.SemanticDriver saveErrorCollections
INFO: SEMANTIC Errors are save to: TestCases\Semantic\1\SEMANTIC_AST_Errors.txt
Apr 09, 2018 1:56:46 PM com.project.compiler.Driver.SemanticDriver saveErrorCollections
INFO: All Errors are save to: TestCases\Semantic\1\SEMANTIC_AST_AllErrors.txt
Apr 09, 2018 1:58:53 PM com.project.compiler.Driver.SemanticDriver execute
INFO: .. Starting ...
Apr 09, 2018 1:58:53 PM com.project.compiler.Driver.SemanticDriver execute
INFO: ..........................Executing Test Case 1 ..........................
Apr 09, 2018 1:58:53 PM com.project.compiler.Driver.SemanticDriver execute
INFO: testCases file path: TestCases\Semantic\1\1_profExample.txt
Apr 09, 2018 1:58:53 PM com.project.compiler.Driver.SemanticDriver execute
INFO: Simple Symbol Table save to: TestCases\Semantic\1\SEMANTIC_ACTION_SymbolTable.txt
Apr 09, 2018 1:58:53 PM com.project.compiler.Driver.SemanticDriver execute
INFO: HTML Symbol Table save to: TestCases\Semantic\1\SEMANTIC_ACTION_SymbolTable.html
Apr 09, 2018 1:58:53 PM com.project.compiler.Driver.SemanticDriver saveErrorCollections
INFO: SEMANTIC Errors are save to: TestCases\Semantic\1\SEMANTIC_ACTION_Errors.txt
Apr 09, 2018 1:58:53 PM com.project.compiler.Driver.SemanticDriver saveErrorCollections
INFO: All Errors are save to: TestCases\Semantic\1\SEMANTIC_ACTION_AllErrors.txt
Apr 09, 2018 1:58:53 PM com.project.compiler.Driver.SemanticDriver execute
INFO: Abstract Syntax Tree is save to: TestCases\Semantic\1\SEMANTIC_AST_Ast.txt
Apr 09, 2018 1:58:53 PM com.project.compiler.Driver.SemanticDriver execute
INFO: Abstract Syntax Tree is save to: TestCases\Semantic\1\SEMANTIC_AST_SymbolTable.txt
Apr 09, 2018 1:58:53 PM com.project.compiler.Driver.SemanticDriver saveErrorCollections
INFO: SEMANTIC Errors are save to: TestCases\Semantic\1\SEMANTIC_AST_Errors.txt
Apr 09, 2018 1:58:53 PM com.project.compiler.Driver.SemanticDriver saveErrorCollections
INFO: All Errors are save to: TestCases\Semantic\1\SEMANTIC_AST_AllErrors.txt
Apr 09, 2018 2:15:46 PM com.project.compiler.Driver.SemanticDriver execute
INFO: .. Starting ...
Apr 09, 2018 2:15:46 PM com.project.compiler.Driver.SemanticDriver execute
INFO: ..........................Executing Test Case 1 ..........................
Apr 09, 2018 2:15:46 PM com.project.compiler.Driver.SemanticDriver execute
INFO: testCases file path: TestCases\Semantic\1\1_profExample.txt
Apr 09, 2018 2:15:47 PM com.project.compiler.Driver.SemanticDriver execute
INFO: Simple Symbol Table save to: TestCases\Semantic\1\SEMANTIC_ACTION_SymbolTable.txt
Apr 09, 2018 2:15:47 PM com.project.compiler.Driver.SemanticDriver execute
INFO: HTML Symbol Table save to: TestCases\Semantic\1\SEMANTIC_ACTION_SymbolTable.html
Apr 09, 2018 2:15:47 PM com.project.compiler.Driver.SemanticDriver saveErrorCollections
INFO: SEMANTIC Errors are save to: TestCases\Semantic\1\SEMANTIC_ACTION_Errors.txt
Apr 09, 2018 2:15:47 PM com.project.compiler.Driver.SemanticDriver saveErrorCollections
INFO: All Errors are save to: TestCases\Semantic\1\SEMANTIC_ACTION_AllErrors.txt
Apr 09, 2018 2:15:47 PM com.project.compiler.Driver.SemanticDriver execute
INFO: Abstract Syntax Tree is save to: TestCases\Semantic\1\SEMANTIC_AST_Ast.txt
Apr 09, 2018 2:15:47 PM com.project.compiler.Driver.SemanticDriver execute
INFO: Abstract Syntax Tree is save to: TestCases\Semantic\1\SEMANTIC_AST_SymbolTable.txt
Apr 09, 2018 2:15:47 PM com.project.compiler.Driver.SemanticDriver saveErrorCollections
INFO: SEMANTIC Errors are save to: TestCases\Semantic\1\SEMANTIC_AST_Errors.txt
Apr 09, 2018 2:15:47 PM com.project.compiler.Driver.SemanticDriver saveErrorCollections
INFO: All Errors are save to: TestCases\Semantic\1\SEMANTIC_AST_AllErrors.txt
Apr 09, 2018 3:31:02 PM com.project.compiler.Driver.SemanticDriver execute
INFO: .. Starting ...
Apr 09, 2018 3:31:02 PM com.project.compiler.Driver.SemanticDriver execute
INFO: ..........................Executing Test Case 1 ..........................
Apr 09, 2018 3:31:02 PM com.project.compiler.Driver.SemanticDriver execute
INFO: testCases file path: TestCases\Semantic\1\1_profExample.txt
Apr 09, 2018 3:31:02 PM com.project.compiler.Driver.SemanticDriver execute
INFO: Simple Symbol Table save to: TestCases\Semantic\1\SEMANTIC_ACTION_SymbolTable.txt
Apr 09, 2018 3:31:02 PM com.project.compiler.Driver.SemanticDriver execute
INFO: HTML Symbol Table save to: TestCases\Semantic\1\SEMANTIC_ACTION_SymbolTable.html
Apr 09, 2018 3:31:02 PM com.project.compiler.Driver.SemanticDriver saveErrorCollections
INFO: SEMANTIC Errors are save to: TestCases\Semantic\1\SEMANTIC_ACTION_Errors.txt
Apr 09, 2018 3:31:02 PM com.project.compiler.Driver.SemanticDriver saveErrorCollections
INFO: All Errors are save to: TestCases\Semantic\1\SEMANTIC_ACTION_AllErrors.txt
Apr 09, 2018 3:31:03 PM com.project.compiler.Driver.SemanticDriver execute
INFO: Abstract Syntax Tree is save to: TestCases\Semantic\1\SEMANTIC_AST_Ast.txt
Apr 09, 2018 3:31:03 PM com.project.compiler.Driver.SemanticDriver execute
INFO: Abstract Syntax Tree is save to: TestCases\Semantic\1\SEMANTIC_AST_SymbolTable.txt
Apr 09, 2018 3:31:03 PM com.project.compiler.Driver.SemanticDriver saveErrorCollections
INFO: SEMANTIC Errors are save to: TestCases\Semantic\1\SEMANTIC_AST_Errors.txt
Apr 09, 2018 3:31:03 PM com.project.compiler.Driver.SemanticDriver saveErrorCollections
INFO: All Errors are save to: TestCases\Semantic\1\SEMANTIC_AST_AllErrors.txt
Apr 09, 2018 3:32:53 PM com.project.compiler.Driver.SemanticDriver execute
INFO: .. Starting ...
Apr 09, 2018 3:32:53 PM com.project.compiler.Driver.SemanticDriver execute
INFO: ..........................Executing Test Case 1 ..........................
Apr 09, 2018 3:32:53 PM com.project.compiler.Driver.SemanticDriver execute
INFO: testCases file path: TestCases\Semantic\1\1_profExample.txt
Apr 09, 2018 3:32:53 PM com.project.compiler.Driver.SemanticDriver execute
INFO: Simple Symbol Table save to: TestCases\Semantic\1\SEMANTIC_ACTION_SymbolTable.txt
Apr 09, 2018 3:32:53 PM com.project.compiler.Driver.SemanticDriver execute
INFO: HTML Symbol Table save to: TestCases\Semantic\1\SEMANTIC_ACTION_SymbolTable.html
Apr 09, 2018 3:32:53 PM com.project.compiler.Driver.SemanticDriver saveErrorCollections
INFO: SEMANTIC Errors are save to: TestCases\Semantic\1\SEMANTIC_ACTION_Errors.txt
Apr 09, 2018 3:32:53 PM com.project.compiler.Driver.SemanticDriver saveErrorCollections
INFO: All Errors are save to: TestCases\Semantic\1\SEMANTIC_ACTION_AllErrors.txt
Apr 09, 2018 3:32:53 PM com.project.compiler.Driver.SemanticDriver execute
INFO: Abstract Syntax Tree is save to: TestCases\Semantic\1\SEMANTIC_AST_Ast.txt
Apr 09, 2018 3:32:53 PM com.project.compiler.Driver.SemanticDriver execute
INFO: Abstract Syntax Tree is save to: TestCases\Semantic\1\SEMANTIC_AST_SymbolTable.txt
Apr 09, 2018 3:32:53 PM com.project.compiler.Driver.SemanticDriver saveErrorCollections
INFO: SEMANTIC Errors are save to: TestCases\Semantic\1\SEMANTIC_AST_Errors.txt
Apr 09, 2018 3:32:53 PM com.project.compiler.Driver.SemanticDriver saveErrorCollections
INFO: All Errors are save to: TestCases\Semantic\1\SEMANTIC_AST_AllErrors.txt
Apr 09, 2018 3:34:45 PM com.project.compiler.Driver.SemanticDriver execute
INFO: .. Starting ...
Apr 09, 2018 3:34:45 PM com.project.compiler.Driver.SemanticDriver execute
INFO: ..........................Executing Test Case 1 ..........................
Apr 09, 2018 3:34:45 PM com.project.compiler.Driver.SemanticDriver execute
INFO: testCases file path: TestCases\Semantic\1\1_profExample.txt
Apr 09, 2018 3:34:45 PM com.project.compiler.Driver.SemanticDriver execute
INFO: Simple Symbol Table save to: TestCases\Semantic\1\SEMANTIC_ACTION_SymbolTable.txt
Apr 09, 2018 3:34:45 PM com.project.compiler.Driver.SemanticDriver execute
INFO: HTML Symbol Table save to: TestCases\Semantic\1\SEMANTIC_ACTION_SymbolTable.html
Apr 09, 2018 3:34:45 PM com.project.compiler.Driver.SemanticDriver saveErrorCollections
INFO: SEMANTIC Errors are save to: TestCases\Semantic\1\SEMANTIC_ACTION_Errors.txt
Apr 09, 2018 3:34:45 PM com.project.compiler.Driver.SemanticDriver saveErrorCollections
INFO: All Errors are save to: TestCases\Semantic\1\SEMANTIC_ACTION_AllErrors.txt
Apr 09, 2018 3:34:45 PM com.project.compiler.Driver.SemanticDriver execute
INFO: Abstract Syntax Tree is save to: TestCases\Semantic\1\SEMANTIC_AST_Ast.txt
Apr 09, 2018 3:34:45 PM com.project.compiler.Driver.SemanticDriver execute
INFO: Abstract Syntax Tree is save to: TestCases\Semantic\1\SEMANTIC_AST_SymbolTable.txt
Apr 09, 2018 3:34:45 PM com.project.compiler.Driver.SemanticDriver saveErrorCollections
INFO: SEMANTIC Errors are save to: TestCases\Semantic\1\SEMANTIC_AST_Errors.txt
Apr 09, 2018 3:34:45 PM com.project.compiler.Driver.SemanticDriver saveErrorCollections
INFO: All Errors are save to: TestCases\Semantic\1\SEMANTIC_AST_AllErrors.txt
Apr 09, 2018 3:37:27 PM com.project.compiler.Driver.SemanticDriver execute
INFO: .. Starting ...
Apr 09, 2018 3:37:27 PM com.project.compiler.Driver.SemanticDriver execute
INFO: ..........................Executing Test Case 1 ..........................
Apr 09, 2018 3:37:27 PM com.project.compiler.Driver.SemanticDriver execute
INFO: testCases file path: TestCases\Semantic\1\1_profExample.txt
Apr 09, 2018 3:37:28 PM com.project.compiler.Driver.SemanticDriver execute
INFO: Simple Symbol Table save to: TestCases\Semantic\1\SEMANTIC_ACTION_SymbolTable.txt
Apr 09, 2018 3:37:28 PM com.project.compiler.Driver.SemanticDriver execute
INFO: HTML Symbol Table save to: TestCases\Semantic\1\SEMANTIC_ACTION_SymbolTable.html
Apr 09, 2018 3:37:28 PM com.project.compiler.Driver.SemanticDriver saveErrorCollections
INFO: SEMANTIC Errors are save to: TestCases\Semantic\1\SEMANTIC_ACTION_Errors.txt
Apr 09, 2018 3:37:28 PM com.project.compiler.Driver.SemanticDriver saveErrorCollections
INFO: All Errors are save to: TestCases\Semantic\1\SEMANTIC_ACTION_AllErrors.txt
Apr 09, 2018 3:37:28 PM com.project.compiler.Driver.SemanticDriver execute
INFO: Abstract Syntax Tree is save to: TestCases\Semantic\1\SEMANTIC_AST_Ast.txt
Apr 09, 2018 3:37:28 PM com.project.compiler.Driver.SemanticDriver execute
INFO: Abstract Syntax Tree is save to: TestCases\Semantic\1\SEMANTIC_AST_SymbolTable.txt
Apr 09, 2018 3:37:28 PM com.project.compiler.Driver.SemanticDriver saveErrorCollections
INFO: SEMANTIC Errors are save to: TestCases\Semantic\1\SEMANTIC_AST_Errors.txt
Apr 09, 2018 3:37:28 PM com.project.compiler.Driver.SemanticDriver saveErrorCollections
INFO: All Errors are save to: TestCases\Semantic\1\SEMANTIC_AST_AllErrors.txt
Apr 09, 2018 3:38:25 PM com.project.compiler.Driver.SemanticDriver execute
INFO: .. Starting ...
Apr 09, 2018 3:38:25 PM com.project.compiler.Driver.SemanticDriver execute
INFO: ..........................Executing Test Case 1 ..........................
Apr 09, 2018 3:38:25 PM com.project.compiler.Driver.SemanticDriver execute
INFO: testCases file path: TestCases\Semantic\1\1_profExample.txt
Apr 09, 2018 3:38:26 PM com.project.compiler.Driver.SemanticDriver execute
INFO: Simple Symbol Table save to: TestCases\Semantic\1\SEMANTIC_ACTION_SymbolTable.txt
Apr 09, 2018 3:38:26 PM com.project.compiler.Driver.SemanticDriver execute
INFO: HTML Symbol Table save to: TestCases\Semantic\1\SEMANTIC_ACTION_SymbolTable.html
Apr 09, 2018 3:38:26 PM com.project.compiler.Driver.SemanticDriver saveErrorCollections
INFO: SEMANTIC Errors are save to: TestCases\Semantic\1\SEMANTIC_ACTION_Errors.txt
Apr 09, 2018 3:38:26 PM com.project.compiler.Driver.SemanticDriver saveErrorCollections
INFO: All Errors are save to: TestCases\Semantic\1\SEMANTIC_ACTION_AllErrors.txt
Apr 09, 2018 3:38:26 PM com.project.compiler.Driver.SemanticDriver execute
INFO: Abstract Syntax Tree is save to: TestCases\Semantic\1\SEMANTIC_AST_Ast.txt
Apr 09, 2018 3:38:26 PM com.project.compiler.Driver.SemanticDriver execute
INFO: Abstract Syntax Tree is save to: TestCases\Semantic\1\SEMANTIC_AST_SymbolTable.txt
Apr 09, 2018 3:38:26 PM com.project.compiler.Driver.SemanticDriver saveErrorCollections
INFO: SEMANTIC Errors are save to: TestCases\Semantic\1\SEMANTIC_AST_Errors.txt
Apr 09, 2018 3:38:26 PM com.project.compiler.Driver.SemanticDriver saveErrorCollections
INFO: All Errors are save to: TestCases\Semantic\1\SEMANTIC_AST_AllErrors.txt
Apr 09, 2018 3:40:30 PM com.project.compiler.Driver.SemanticDriver execute
INFO: .. Starting ...
Apr 09, 2018 3:40:31 PM com.project.compiler.Driver.SemanticDriver execute
INFO: ..........................Executing Test Case 1 ..........................
Apr 09, 2018 3:40:31 PM com.project.compiler.Driver.SemanticDriver execute
INFO: testCases file path: TestCases\Semantic\1\1_profExample.txt
Apr 09, 2018 3:40:31 PM com.project.compiler.Driver.SemanticDriver execute
INFO: Simple Symbol Table save to: TestCases\Semantic\1\SEMANTIC_ACTION_SymbolTable.txt
Apr 09, 2018 3:40:31 PM com.project.compiler.Driver.SemanticDriver execute
INFO: HTML Symbol Table save to: TestCases\Semantic\1\SEMANTIC_ACTION_SymbolTable.html
Apr 09, 2018 3:40:31 PM com.project.compiler.Driver.SemanticDriver saveErrorCollections
INFO: SEMANTIC Errors are save to: TestCases\Semantic\1\SEMANTIC_ACTION_Errors.txt
Apr 09, 2018 3:40:31 PM com.project.compiler.Driver.SemanticDriver saveErrorCollections
INFO: All Errors are save to: TestCases\Semantic\1\SEMANTIC_ACTION_AllErrors.txt
Apr 09, 2018 3:40:31 PM com.project.compiler.Driver.SemanticDriver execute
INFO: Abstract Syntax Tree is save to: TestCases\Semantic\1\SEMANTIC_AST_Ast.txt
Apr 09, 2018 3:40:31 PM com.project.compiler.Driver.SemanticDriver execute
INFO: Abstract Syntax Tree is save to: TestCases\Semantic\1\SEMANTIC_AST_SymbolTable.txt
Apr 09, 2018 3:40:31 PM com.project.compiler.Driver.SemanticDriver saveErrorCollections
INFO: SEMANTIC Errors are save to: TestCases\Semantic\1\SEMANTIC_AST_Errors.txt
Apr 09, 2018 3:40:31 PM com.project.compiler.Driver.SemanticDriver saveErrorCollections
INFO: All Errors are save to: TestCases\Semantic\1\SEMANTIC_AST_AllErrors.txt
Apr 09, 2018 3:50:27 PM com.project.compiler.Driver.SemanticDriver execute
INFO: .. Starting ...
Apr 09, 2018 3:50:27 PM com.project.compiler.Driver.SemanticDriver execute
INFO: ..........................Executing Test Case 1 ..........................
Apr 09, 2018 3:50:27 PM com.project.compiler.Driver.SemanticDriver execute
INFO: testCases file path: TestCases\Semantic\1\1_profExample.txt
Apr 09, 2018 3:50:45 PM com.project.compiler.Driver.SemanticDriver execute
INFO: Simple Symbol Table save to: TestCases\Semantic\1\SEMANTIC_ACTION_SymbolTable.txt
Apr 09, 2018 3:50:45 PM com.project.compiler.Driver.SemanticDriver execute
INFO: HTML Symbol Table save to: TestCases\Semantic\1\SEMANTIC_ACTION_SymbolTable.html
Apr 09, 2018 3:50:45 PM com.project.compiler.Driver.SemanticDriver saveErrorCollections
INFO: SEMANTIC Errors are save to: TestCases\Semantic\1\SEMANTIC_ACTION_Errors.txt
Apr 09, 2018 3:50:45 PM com.project.compiler.Driver.SemanticDriver saveErrorCollections
INFO: All Errors are save to: TestCases\Semantic\1\SEMANTIC_ACTION_AllErrors.txt
Apr 09, 2018 3:52:35 PM com.project.compiler.Driver.SemanticDriver execute
INFO: Abstract Syntax Tree is save to: TestCases\Semantic\1\SEMANTIC_AST_Ast.txt
Apr 09, 2018 3:52:35 PM com.project.compiler.Driver.SemanticDriver execute
INFO: Abstract Syntax Tree is save to: TestCases\Semantic\1\SEMANTIC_AST_SymbolTable.txt
Apr 09, 2018 3:52:35 PM com.project.compiler.Driver.SemanticDriver saveErrorCollections
INFO: SEMANTIC Errors are save to: TestCases\Semantic\1\SEMANTIC_AST_Errors.txt
Apr 09, 2018 3:52:35 PM com.project.compiler.Driver.SemanticDriver saveErrorCollections
INFO: All Errors are save to: TestCases\Semantic\1\SEMANTIC_AST_AllErrors.txt
Apr 09, 2018 4:15:30 PM com.project.compiler.Driver.SemanticDriver execute
INFO: .. Starting ...
Apr 09, 2018 4:15:30 PM com.project.compiler.Driver.SemanticDriver execute
INFO: ..........................Executing Test Case 1 ..........................
Apr 09, 2018 4:15:30 PM com.project.compiler.Driver.SemanticDriver execute
INFO: testCases file path: TestCases\Semantic\1\1_profExample.txt
Apr 09, 2018 4:15:30 PM com.project.compiler.Driver.SemanticDriver execute
INFO: Simple Symbol Table save to: TestCases\Semantic\1\SEMANTIC_ACTION_SymbolTable.txt
Apr 09, 2018 4:15:30 PM com.project.compiler.Driver.SemanticDriver execute
INFO: HTML Symbol Table save to: TestCases\Semantic\1\SEMANTIC_ACTION_SymbolTable.html
Apr 09, 2018 4:15:30 PM com.project.compiler.Driver.SemanticDriver saveErrorCollections
INFO: SEMANTIC Errors are save to: TestCases\Semantic\1\SEMANTIC_ACTION_Errors.txt
Apr 09, 2018 4:15:30 PM com.project.compiler.Driver.SemanticDriver saveErrorCollections
INFO: All Errors are save to: TestCases\Semantic\1\SEMANTIC_ACTION_AllErrors.txt
Apr 09, 2018 4:15:31 PM com.project.compiler.Driver.SemanticDriver execute
INFO: Abstract Syntax Tree is save to: TestCases\Semantic\1\SEMANTIC_AST_Ast.txt
Apr 09, 2018 4:15:31 PM com.project.compiler.Driver.SemanticDriver execute
INFO: Abstract Syntax Tree is save to: TestCases\Semantic\1\SEMANTIC_AST_SymbolTable.txt
Apr 09, 2018 4:15:31 PM com.project.compiler.Driver.SemanticDriver saveErrorCollections
INFO: SEMANTIC Errors are save to: TestCases\Semantic\1\SEMANTIC_AST_Errors.txt
Apr 09, 2018 4:15:31 PM com.project.compiler.Driver.SemanticDriver saveErrorCollections
INFO: All Errors are save to: TestCases\Semantic\1\SEMANTIC_AST_AllErrors.txt
Apr 09, 2018 4:15:40 PM com.project.compiler.Driver.SemanticDriver execute
INFO: .. Starting ...
Apr 09, 2018 4:15:40 PM com.project.compiler.Driver.SemanticDriver execute
INFO: ..........................Executing Test Case 1 ..........................
Apr 09, 2018 4:15:40 PM com.project.compiler.Driver.SemanticDriver execute
INFO: testCases file path: TestCases\Semantic\1\1_profExample.txt
Apr 09, 2018 4:15:41 PM com.project.compiler.Driver.SemanticDriver execute
INFO: Simple Symbol Table save to: TestCases\Semantic\1\SEMANTIC_ACTION_SymbolTable.txt
Apr 09, 2018 4:15:41 PM com.project.compiler.Driver.SemanticDriver execute
INFO: HTML Symbol Table save to: TestCases\Semantic\1\SEMANTIC_ACTION_SymbolTable.html
Apr 09, 2018 4:15:41 PM com.project.compiler.Driver.SemanticDriver saveErrorCollections
INFO: SEMANTIC Errors are save to: TestCases\Semantic\1\SEMANTIC_ACTION_Errors.txt
Apr 09, 2018 4:15:41 PM com.project.compiler.Driver.SemanticDriver saveErrorCollections
INFO: All Errors are save to: TestCases\Semantic\1\SEMANTIC_ACTION_AllErrors.txt
Apr 09, 2018 4:16:42 PM com.project.compiler.Driver.SemanticDriver execute
INFO: .. Starting ...
Apr 09, 2018 4:16:42 PM com.project.compiler.Driver.SemanticDriver execute
INFO: ..........................Executing Test Case 1 ..........................
Apr 09, 2018 4:16:42 PM com.project.compiler.Driver.SemanticDriver execute
INFO: testCases file path: TestCases\Semantic\1\1_profExample.txt
Apr 09, 2018 4:16:43 PM com.project.compiler.Driver.SemanticDriver execute
INFO: Simple Symbol Table save to: TestCases\Semantic\1\SEMANTIC_ACTION_SymbolTable.txt
Apr 09, 2018 4:16:43 PM com.project.compiler.Driver.SemanticDriver execute
INFO: HTML Symbol Table save to: TestCases\Semantic\1\SEMANTIC_ACTION_SymbolTable.html
Apr 09, 2018 4:16:43 PM com.project.compiler.Driver.SemanticDriver saveErrorCollections
INFO: SEMANTIC Errors are save to: TestCases\Semantic\1\SEMANTIC_ACTION_Errors.txt
Apr 09, 2018 4:16:43 PM com.project.compiler.Driver.SemanticDriver saveErrorCollections
INFO: All Errors are save to: TestCases\Semantic\1\SEMANTIC_ACTION_AllErrors.txt
Apr 09, 2018 4:17:46 PM com.project.compiler.Driver.SemanticDriver execute
INFO: .. Starting ...
Apr 09, 2018 4:17:46 PM com.project.compiler.Driver.SemanticDriver execute
INFO: ..........................Executing Test Case 1 ..........................
Apr 09, 2018 4:17:46 PM com.project.compiler.Driver.SemanticDriver execute
INFO: testCases file path: TestCases\Semantic\1\1_profExample.txt
Apr 09, 2018 4:17:47 PM com.project.compiler.Driver.SemanticDriver execute
INFO: Simple Symbol Table save to: TestCases\Semantic\1\SEMANTIC_ACTION_SymbolTable.txt
Apr 09, 2018 4:17:47 PM com.project.compiler.Driver.SemanticDriver execute
INFO: HTML Symbol Table save to: TestCases\Semantic\1\SEMANTIC_ACTION_SymbolTable.html
Apr 09, 2018 4:17:47 PM com.project.compiler.Driver.SemanticDriver saveErrorCollections
INFO: SEMANTIC Errors are save to: TestCases\Semantic\1\SEMANTIC_ACTION_Errors.txt
Apr 09, 2018 4:17:47 PM com.project.compiler.Driver.SemanticDriver saveErrorCollections
INFO: All Errors are save to: TestCases\Semantic\1\SEMANTIC_ACTION_AllErrors.txt
Apr 09, 2018 4:22:51 PM com.project.compiler.Driver.SemanticDriver execute
INFO: .. Starting ...
Apr 09, 2018 4:22:51 PM com.project.compiler.Driver.SemanticDriver execute
INFO: ..........................Executing Test Case 1 ..........................
Apr 09, 2018 4:22:51 PM com.project.compiler.Driver.SemanticDriver execute
INFO: testCases file path: TestCases\Semantic\1\1_profExample.txt
Apr 09, 2018 4:22:51 PM com.project.compiler.Driver.SemanticDriver execute
INFO: Simple Symbol Table save to: TestCases\Semantic\1\SEMANTIC_ACTION_SymbolTable.txt
Apr 09, 2018 4:22:51 PM com.project.compiler.Driver.SemanticDriver execute
INFO: HTML Symbol Table save to: TestCases\Semantic\1\SEMANTIC_ACTION_SymbolTable.html
Apr 09, 2018 4:22:51 PM com.project.compiler.Driver.SemanticDriver saveErrorCollections
INFO: SEMANTIC Errors are save to: TestCases\Semantic\1\SEMANTIC_ACTION_Errors.txt
Apr 09, 2018 4:22:51 PM com.project.compiler.Driver.SemanticDriver saveErrorCollections
INFO: All Errors are save to: TestCases\Semantic\1\SEMANTIC_ACTION_AllErrors.txt
Apr 09, 2018 4:24:23 PM com.project.compiler.Driver.SemanticDriver execute
INFO: .. Starting ...
Apr 09, 2018 4:24:23 PM com.project.compiler.Driver.SemanticDriver execute
INFO: ..........................Executing Test Case 1 ..........................
Apr 09, 2018 4:24:23 PM com.project.compiler.Driver.SemanticDriver execute
INFO: testCases file path: TestCases\Semantic\1\1_profExample.txt
Apr 09, 2018 4:24:23 PM com.project.compiler.Driver.SemanticDriver execute
INFO: Simple Symbol Table save to: TestCases\Semantic\1\SEMANTIC_ACTION_SymbolTable.txt
Apr 09, 2018 4:24:23 PM com.project.compiler.Driver.SemanticDriver execute
INFO: HTML Symbol Table save to: TestCases\Semantic\1\SEMANTIC_ACTION_SymbolTable.html
Apr 09, 2018 4:24:23 PM com.project.compiler.Driver.SemanticDriver saveErrorCollections
INFO: SEMANTIC Errors are save to: TestCases\Semantic\1\SEMANTIC_ACTION_Errors.txt
Apr 09, 2018 4:24:23 PM com.project.compiler.Driver.SemanticDriver saveErrorCollections
INFO: All Errors are save to: TestCases\Semantic\1\SEMANTIC_ACTION_AllErrors.txt
Apr 09, 2018 4:25:09 PM com.project.compiler.Driver.SemanticDriver execute
INFO: .. Starting ...
Apr 09, 2018 4:25:09 PM com.project.compiler.Driver.SemanticDriver execute
INFO: ..........................Executing Test Case 1 ..........................
Apr 09, 2018 4:25:09 PM com.project.compiler.Driver.SemanticDriver execute
INFO: testCases file path: TestCases\Semantic\1\1_profExample.txt
Apr 09, 2018 4:25:09 PM com.project.compiler.Driver.SemanticDriver execute
INFO: Simple Symbol Table save to: TestCases\Semantic\1\SEMANTIC_ACTION_SymbolTable.txt
Apr 09, 2018 4:25:09 PM com.project.compiler.Driver.SemanticDriver execute
INFO: HTML Symbol Table save to: TestCases\Semantic\1\SEMANTIC_ACTION_SymbolTable.html
Apr 09, 2018 4:25:09 PM com.project.compiler.Driver.SemanticDriver saveErrorCollections
INFO: SEMANTIC Errors are save to: TestCases\Semantic\1\SEMANTIC_ACTION_Errors.txt
Apr 09, 2018 4:25:09 PM com.project.compiler.Driver.SemanticDriver saveErrorCollections
INFO: All Errors are save to: TestCases\Semantic\1\SEMANTIC_ACTION_AllErrors.txt
Apr 09, 2018 4:33:51 PM com.project.compiler.Driver.SemanticDriver execute
INFO: .. Starting ...
Apr 09, 2018 4:33:51 PM com.project.compiler.Driver.SemanticDriver execute
INFO: ..........................Executing Test Case 1 ..........................
Apr 09, 2018 4:33:51 PM com.project.compiler.Driver.SemanticDriver execute
INFO: testCases file path: TestCases\Semantic\1\1_profExample.txt
Apr 09, 2018 4:33:51 PM com.project.compiler.Driver.SemanticDriver execute
INFO: Simple Symbol Table save to: TestCases\Semantic\1\SEMANTIC_ACTION_SymbolTable.txt
Apr 09, 2018 4:33:51 PM com.project.compiler.Driver.SemanticDriver execute
INFO: HTML Symbol Table save to: TestCases\Semantic\1\SEMANTIC_ACTION_SymbolTable.html
Apr 09, 2018 4:33:51 PM com.project.compiler.Driver.SemanticDriver saveErrorCollections
INFO: SEMANTIC Errors are save to: TestCases\Semantic\1\SEMANTIC_ACTION_Errors.txt
Apr 09, 2018 4:33:51 PM com.project.compiler.Driver.SemanticDriver saveErrorCollections
INFO: All Errors are save to: TestCases\Semantic\1\SEMANTIC_ACTION_AllErrors.txt
Apr 09, 2018 5:00:50 PM com.project.compiler.Driver.SemanticDriver execute
INFO: .. Starting ...
Apr 09, 2018 5:00:50 PM com.project.compiler.Driver.SemanticDriver execute
INFO: ..........................Executing Test Case 1 ..........................
Apr 09, 2018 5:00:50 PM com.project.compiler.Driver.SemanticDriver execute
INFO: testCases file path: TestCases\Semantic\1\1_profExample.txt
Apr 09, 2018 5:00:51 PM com.project.compiler.Driver.SemanticDriver execute
INFO: Simple Symbol Table save to: TestCases\Semantic\1\SEMANTIC_ACTION_SymbolTable.txt
Apr 09, 2018 5:00:51 PM com.project.compiler.Driver.SemanticDriver execute
INFO: HTML Symbol Table save to: TestCases\Semantic\1\SEMANTIC_ACTION_SymbolTable.html
Apr 09, 2018 5:00:51 PM com.project.compiler.Driver.SemanticDriver saveErrorCollections
INFO: SEMANTIC Errors are save to: TestCases\Semantic\1\SEMANTIC_ACTION_Errors.txt
Apr 09, 2018 5:00:51 PM com.project.compiler.Driver.SemanticDriver saveErrorCollections
INFO: All Errors are save to: TestCases\Semantic\1\SEMANTIC_ACTION_AllErrors.txt
Apr 09, 2018 5:04:11 PM com.project.compiler.Driver.SemanticDriver execute
INFO: .. Starting ...
Apr 09, 2018 5:04:11 PM com.project.compiler.Driver.SemanticDriver execute
INFO: ..........................Executing Test Case 1 ..........................
Apr 09, 2018 5:04:11 PM com.project.compiler.Driver.SemanticDriver execute
INFO: testCases file path: TestCases\Semantic\1\1_profExample.txt
Apr 09, 2018 5:04:11 PM com.project.compiler.Driver.SemanticDriver execute
INFO: Simple Symbol Table save to: TestCases\Semantic\1\SEMANTIC_ACTION_SymbolTable.txt
Apr 09, 2018 5:04:11 PM com.project.compiler.Driver.SemanticDriver execute
INFO: HTML Symbol Table save to: TestCases\Semantic\1\SEMANTIC_ACTION_SymbolTable.html
Apr 09, 2018 5:04:11 PM com.project.compiler.Driver.SemanticDriver saveErrorCollections
INFO: SEMANTIC Errors are save to: TestCases\Semantic\1\SEMANTIC_ACTION_Errors.txt
Apr 09, 2018 5:04:11 PM com.project.compiler.Driver.SemanticDriver saveErrorCollections
INFO: All Errors are save to: TestCases\Semantic\1\SEMANTIC_ACTION_AllErrors.txt
Apr 09, 2018 5:05:03 PM com.project.compiler.Driver.SemanticDriver execute
SEVERE: an exception was thrown
java.lang.NullPointerException
	at com.project.compiler.Visitor.TypeChecking.visit(TypeChecking.java:106)
	at com.project.compiler.Ast.IdNode.accept(IdNode.java:31)
	at com.project.compiler.Ast.FuncHeadNode.accept(FuncHeadNode.java:42)
	at com.project.compiler.Ast.FuncDefNode.accept(FuncDefNode.java:32)
	at com.project.compiler.Ast.FuncDefListNode.accept(FuncDefListNode.java:26)
	at com.project.compiler.Ast.ProgNode.accept(ProgNode.java:35)
	at com.project.compiler.Semantic.SemanticAnalysis.starVisiting(SemanticAnalysis.java:33)
	at com.project.compiler.Driver.SemanticDriver.execute(SemanticDriver.java:133)
	at com.project.compiler.Driver.SemanticDriver.main(SemanticDriver.java:71)

Apr 09, 2018 5:05:45 PM com.project.compiler.Driver.SemanticDriver execute
INFO: .. Starting ...
Apr 09, 2018 5:05:45 PM com.project.compiler.Driver.SemanticDriver execute
INFO: ..........................Executing Test Case 1 ..........................
Apr 09, 2018 5:05:45 PM com.project.compiler.Driver.SemanticDriver execute
INFO: testCases file path: TestCases\Semantic\1\1_profExample.txt
Apr 09, 2018 5:05:45 PM com.project.compiler.Driver.SemanticDriver execute
INFO: Simple Symbol Table save to: TestCases\Semantic\1\SEMANTIC_ACTION_SymbolTable.txt
Apr 09, 2018 5:05:45 PM com.project.compiler.Driver.SemanticDriver execute
INFO: HTML Symbol Table save to: TestCases\Semantic\1\SEMANTIC_ACTION_SymbolTable.html
Apr 09, 2018 5:05:45 PM com.project.compiler.Driver.SemanticDriver saveErrorCollections
INFO: SEMANTIC Errors are save to: TestCases\Semantic\1\SEMANTIC_ACTION_Errors.txt
Apr 09, 2018 5:05:45 PM com.project.compiler.Driver.SemanticDriver saveErrorCollections
INFO: All Errors are save to: TestCases\Semantic\1\SEMANTIC_ACTION_AllErrors.txt
Apr 09, 2018 5:08:57 PM com.project.compiler.Driver.SemanticDriver execute
INFO: .. Starting ...
Apr 09, 2018 5:08:57 PM com.project.compiler.Driver.SemanticDriver execute
INFO: ..........................Executing Test Case 1 ..........................
Apr 09, 2018 5:08:57 PM com.project.compiler.Driver.SemanticDriver execute
INFO: testCases file path: TestCases\Semantic\1\1_profExample.txt
Apr 09, 2018 5:08:57 PM com.project.compiler.Driver.SemanticDriver execute
INFO: Simple Symbol Table save to: TestCases\Semantic\1\SEMANTIC_ACTION_SymbolTable.txt
Apr 09, 2018 5:08:57 PM com.project.compiler.Driver.SemanticDriver execute
INFO: HTML Symbol Table save to: TestCases\Semantic\1\SEMANTIC_ACTION_SymbolTable.html
Apr 09, 2018 5:08:57 PM com.project.compiler.Driver.SemanticDriver saveErrorCollections
INFO: SEMANTIC Errors are save to: TestCases\Semantic\1\SEMANTIC_ACTION_Errors.txt
Apr 09, 2018 5:08:57 PM com.project.compiler.Driver.SemanticDriver saveErrorCollections
INFO: All Errors are save to: TestCases\Semantic\1\SEMANTIC_ACTION_AllErrors.txt
Apr 09, 2018 5:08:58 PM com.project.compiler.Driver.SemanticDriver execute
INFO: Abstract Syntax Tree is save to: TestCases\Semantic\1\SEMANTIC_AST_Ast.txt
Apr 09, 2018 5:08:58 PM com.project.compiler.Driver.SemanticDriver execute
INFO: Abstract Syntax Tree is save to: TestCases\Semantic\1\SEMANTIC_AST_SymbolTable.txt
Apr 09, 2018 5:08:58 PM com.project.compiler.Driver.SemanticDriver saveErrorCollections
INFO: SEMANTIC Errors are save to: TestCases\Semantic\1\SEMANTIC_AST_Errors.txt
Apr 09, 2018 5:08:58 PM com.project.compiler.Driver.SemanticDriver saveErrorCollections
INFO: All Errors are save to: TestCases\Semantic\1\SEMANTIC_AST_AllErrors.txt
Apr 09, 2018 5:12:14 PM com.project.compiler.Driver.SemanticDriver execute
INFO: .. Starting ...
Apr 09, 2018 5:12:14 PM com.project.compiler.Driver.SemanticDriver execute
INFO: ..........................Executing Test Case 1 ..........................
Apr 09, 2018 5:12:14 PM com.project.compiler.Driver.SemanticDriver execute
INFO: testCases file path: TestCases\Semantic\1\1_profExample.txt
Apr 09, 2018 5:12:14 PM com.project.compiler.Driver.SemanticDriver execute
INFO: Simple Symbol Table save to: TestCases\Semantic\1\SEMANTIC_ACTION_SymbolTable.txt
Apr 09, 2018 5:12:14 PM com.project.compiler.Driver.SemanticDriver execute
INFO: HTML Symbol Table save to: TestCases\Semantic\1\SEMANTIC_ACTION_SymbolTable.html
Apr 09, 2018 5:12:14 PM com.project.compiler.Driver.SemanticDriver saveErrorCollections
INFO: SEMANTIC Errors are save to: TestCases\Semantic\1\SEMANTIC_ACTION_Errors.txt
Apr 09, 2018 5:12:14 PM com.project.compiler.Driver.SemanticDriver saveErrorCollections
INFO: All Errors are save to: TestCases\Semantic\1\SEMANTIC_ACTION_AllErrors.txt
Apr 09, 2018 5:12:15 PM com.project.compiler.Driver.SemanticDriver execute
INFO: Abstract Syntax Tree is save to: TestCases\Semantic\1\SEMANTIC_AST_Ast.txt
Apr 09, 2018 5:12:15 PM com.project.compiler.Driver.SemanticDriver execute
INFO: Abstract Syntax Tree is save to: TestCases\Semantic\1\SEMANTIC_AST_SymbolTable.txt
Apr 09, 2018 5:12:15 PM com.project.compiler.Driver.SemanticDriver saveErrorCollections
INFO: SEMANTIC Errors are save to: TestCases\Semantic\1\SEMANTIC_AST_Errors.txt
Apr 09, 2018 5:12:15 PM com.project.compiler.Driver.SemanticDriver saveErrorCollections
INFO: All Errors are save to: TestCases\Semantic\1\SEMANTIC_AST_AllErrors.txt
Apr 09, 2018 5:19:43 PM com.project.compiler.Driver.SemanticDriver execute
INFO: .. Starting ...
Apr 09, 2018 5:19:43 PM com.project.compiler.Driver.SemanticDriver execute
INFO: ..........................Executing Test Case 1 ..........................
Apr 09, 2018 5:19:43 PM com.project.compiler.Driver.SemanticDriver execute
INFO: testCases file path: TestCases\Semantic\1\1_profExample.txt
Apr 09, 2018 5:19:43 PM com.project.compiler.Driver.SemanticDriver execute
INFO: Simple Symbol Table save to: TestCases\Semantic\1\SEMANTIC_ACTION_SymbolTable.txt
Apr 09, 2018 5:19:43 PM com.project.compiler.Driver.SemanticDriver execute
INFO: HTML Symbol Table save to: TestCases\Semantic\1\SEMANTIC_ACTION_SymbolTable.html
Apr 09, 2018 5:19:43 PM com.project.compiler.Driver.SemanticDriver saveErrorCollections
INFO: SEMANTIC Errors are save to: TestCases\Semantic\1\SEMANTIC_ACTION_Errors.txt
Apr 09, 2018 5:19:43 PM com.project.compiler.Driver.SemanticDriver saveErrorCollections
INFO: All Errors are save to: TestCases\Semantic\1\SEMANTIC_ACTION_AllErrors.txt
Apr 09, 2018 5:19:43 PM com.project.compiler.Driver.SemanticDriver execute
INFO: Abstract Syntax Tree is save to: TestCases\Semantic\1\SEMANTIC_AST_Ast.txt
Apr 09, 2018 5:19:43 PM com.project.compiler.Driver.SemanticDriver execute
INFO: Abstract Syntax Tree is save to: TestCases\Semantic\1\SEMANTIC_AST_SymbolTable.txt
Apr 09, 2018 5:19:43 PM com.project.compiler.Driver.SemanticDriver saveErrorCollections
INFO: SEMANTIC Errors are save to: TestCases\Semantic\1\SEMANTIC_AST_Errors.txt
Apr 09, 2018 5:19:43 PM com.project.compiler.Driver.SemanticDriver saveErrorCollections
INFO: All Errors are save to: TestCases\Semantic\1\SEMANTIC_AST_AllErrors.txt
Apr 09, 2018 5:19:49 PM com.project.compiler.Driver.SemanticDriver execute
INFO: .. Starting ...
Apr 09, 2018 5:19:49 PM com.project.compiler.Driver.SemanticDriver execute
INFO: ..........................Executing Test Case 1 ..........................
Apr 09, 2018 5:19:49 PM com.project.compiler.Driver.SemanticDriver execute
INFO: testCases file path: TestCases\Semantic\1\1_profExample.txt
Apr 09, 2018 5:19:49 PM com.project.compiler.Driver.SemanticDriver execute
INFO: Simple Symbol Table save to: TestCases\Semantic\1\SEMANTIC_ACTION_SymbolTable.txt
Apr 09, 2018 5:19:49 PM com.project.compiler.Driver.SemanticDriver execute
INFO: HTML Symbol Table save to: TestCases\Semantic\1\SEMANTIC_ACTION_SymbolTable.html
Apr 09, 2018 5:19:49 PM com.project.compiler.Driver.SemanticDriver saveErrorCollections
INFO: SEMANTIC Errors are save to: TestCases\Semantic\1\SEMANTIC_ACTION_Errors.txt
Apr 09, 2018 5:19:50 PM com.project.compiler.Driver.SemanticDriver saveErrorCollections
INFO: All Errors are save to: TestCases\Semantic\1\SEMANTIC_ACTION_AllErrors.txt
Apr 09, 2018 5:19:50 PM com.project.compiler.Driver.SemanticDriver execute
INFO: Abstract Syntax Tree is save to: TestCases\Semantic\1\SEMANTIC_AST_Ast.txt
Apr 09, 2018 5:19:50 PM com.project.compiler.Driver.SemanticDriver execute
INFO: Abstract Syntax Tree is save to: TestCases\Semantic\1\SEMANTIC_AST_SymbolTable.txt
Apr 09, 2018 5:19:50 PM com.project.compiler.Driver.SemanticDriver saveErrorCollections
INFO: SEMANTIC Errors are save to: TestCases\Semantic\1\SEMANTIC_AST_Errors.txt
Apr 09, 2018 5:19:50 PM com.project.compiler.Driver.SemanticDriver saveErrorCollections
INFO: All Errors are save to: TestCases\Semantic\1\SEMANTIC_AST_AllErrors.txt
Apr 09, 2018 5:20:11 PM com.project.compiler.Driver.SemanticDriver execute
INFO: .. Starting ...
Apr 09, 2018 5:20:11 PM com.project.compiler.Driver.SemanticDriver execute
INFO: ..........................Executing Test Case 1 ..........................
Apr 09, 2018 5:20:11 PM com.project.compiler.Driver.SemanticDriver execute
INFO: testCases file path: TestCases\Semantic\1\1_profExample.txt
Apr 09, 2018 5:20:11 PM com.project.compiler.Driver.SemanticDriver execute
INFO: Simple Symbol Table save to: TestCases\Semantic\1\SEMANTIC_ACTION_SymbolTable.txt
Apr 09, 2018 5:20:11 PM com.project.compiler.Driver.SemanticDriver execute
INFO: HTML Symbol Table save to: TestCases\Semantic\1\SEMANTIC_ACTION_SymbolTable.html
Apr 09, 2018 5:20:11 PM com.project.compiler.Driver.SemanticDriver saveErrorCollections
INFO: SEMANTIC Errors are save to: TestCases\Semantic\1\SEMANTIC_ACTION_Errors.txt
Apr 09, 2018 5:20:11 PM com.project.compiler.Driver.SemanticDriver saveErrorCollections
INFO: All Errors are save to: TestCases\Semantic\1\SEMANTIC_ACTION_AllErrors.txt
Apr 09, 2018 5:20:12 PM com.project.compiler.Driver.SemanticDriver execute
INFO: Abstract Syntax Tree is save to: TestCases\Semantic\1\SEMANTIC_AST_Ast.txt
Apr 09, 2018 5:20:12 PM com.project.compiler.Driver.SemanticDriver execute
INFO: Abstract Syntax Tree is save to: TestCases\Semantic\1\SEMANTIC_AST_SymbolTable.txt
Apr 09, 2018 5:20:12 PM com.project.compiler.Driver.SemanticDriver saveErrorCollections
INFO: SEMANTIC Errors are save to: TestCases\Semantic\1\SEMANTIC_AST_Errors.txt
Apr 09, 2018 5:20:12 PM com.project.compiler.Driver.SemanticDriver saveErrorCollections
INFO: All Errors are save to: TestCases\Semantic\1\SEMANTIC_AST_AllErrors.txt
Apr 09, 2018 5:21:21 PM com.project.compiler.Driver.SemanticDriver execute
INFO: .. Starting ...
Apr 09, 2018 5:21:22 PM com.project.compiler.Driver.SemanticDriver execute
INFO: ..........................Executing Test Case 1 ..........................
Apr 09, 2018 5:21:22 PM com.project.compiler.Driver.SemanticDriver execute
INFO: testCases file path: TestCases\Semantic\1\1_profExample.txt
Apr 09, 2018 5:21:41 PM com.project.compiler.Driver.SemanticDriver execute
INFO: .. Starting ...
Apr 09, 2018 5:21:41 PM com.project.compiler.Driver.SemanticDriver execute
INFO: ..........................Executing Test Case 1 ..........................
Apr 09, 2018 5:21:41 PM com.project.compiler.Driver.SemanticDriver execute
INFO: testCases file path: TestCases\Semantic\1\1_profExample.txt
Apr 09, 2018 5:24:44 PM com.project.compiler.Driver.SemanticDriver execute
INFO: .. Starting ...
Apr 09, 2018 5:24:44 PM com.project.compiler.Driver.SemanticDriver execute
INFO: ..........................Executing Test Case 1 ..........................
Apr 09, 2018 5:24:44 PM com.project.compiler.Driver.SemanticDriver execute
INFO: testCases file path: TestCases\Semantic\1\1_profExample.txt
Apr 09, 2018 5:26:00 PM com.project.compiler.Driver.SemanticDriver execute
INFO: .. Starting ...
Apr 09, 2018 5:26:00 PM com.project.compiler.Driver.SemanticDriver execute
INFO: ..........................Executing Test Case 1 ..........................
Apr 09, 2018 5:26:00 PM com.project.compiler.Driver.SemanticDriver execute
INFO: testCases file path: TestCases\Semantic\1\1_profExample.txt
Apr 09, 2018 5:26:35 PM com.project.compiler.Driver.SemanticDriver execute
INFO: .. Starting ...
Apr 09, 2018 5:26:35 PM com.project.compiler.Driver.SemanticDriver execute
INFO: ..........................Executing Test Case 1 ..........................
Apr 09, 2018 5:26:35 PM com.project.compiler.Driver.SemanticDriver execute
INFO: testCases file path: TestCases\Semantic\1\1_profExample.txt
Apr 09, 2018 5:27:02 PM com.project.compiler.Driver.SemanticDriver execute
INFO: .. Starting ...
Apr 09, 2018 5:27:02 PM com.project.compiler.Driver.SemanticDriver execute
INFO: ..........................Executing Test Case 1 ..........................
Apr 09, 2018 5:27:02 PM com.project.compiler.Driver.SemanticDriver execute
INFO: testCases file path: TestCases\Semantic\1\1_profExample.txt
Apr 09, 2018 5:29:03 PM com.project.compiler.Driver.SemanticDriver execute
INFO: .. Starting ...
Apr 09, 2018 5:29:03 PM com.project.compiler.Driver.SemanticDriver execute
INFO: ..........................Executing Test Case 1 ..........................
Apr 09, 2018 5:29:03 PM com.project.compiler.Driver.SemanticDriver execute
INFO: testCases file path: TestCases\Semantic\1\1_profExample.txt
Apr 09, 2018 5:29:31 PM com.project.compiler.Driver.SemanticDriver execute
INFO: .. Starting ...
Apr 09, 2018 5:29:31 PM com.project.compiler.Driver.SemanticDriver execute
INFO: ..........................Executing Test Case 1 ..........................
Apr 09, 2018 5:29:31 PM com.project.compiler.Driver.SemanticDriver execute
INFO: testCases file path: TestCases\Semantic\1\1_profExample.txt
Apr 09, 2018 5:31:48 PM com.project.compiler.Driver.SemanticDriver execute
INFO: .. Starting ...
Apr 09, 2018 5:31:48 PM com.project.compiler.Driver.SemanticDriver execute
INFO: ..........................Executing Test Case 1 ..........................
Apr 09, 2018 5:31:48 PM com.project.compiler.Driver.SemanticDriver execute
INFO: testCases file path: TestCases\Semantic\1\1_profExample.txt
Apr 09, 2018 5:32:26 PM com.project.compiler.Driver.SemanticDriver execute
INFO: .. Starting ...
Apr 09, 2018 5:32:26 PM com.project.compiler.Driver.SemanticDriver execute
INFO: ..........................Executing Test Case 1 ..........................
Apr 09, 2018 5:32:26 PM com.project.compiler.Driver.SemanticDriver execute
INFO: testCases file path: TestCases\Semantic\1\1_profExample.txt
Apr 09, 2018 5:33:16 PM com.project.compiler.Driver.SemanticDriver execute
INFO: .. Starting ...
Apr 09, 2018 5:33:16 PM com.project.compiler.Driver.SemanticDriver execute
INFO: ..........................Executing Test Case 1 ..........................
Apr 09, 2018 5:33:16 PM com.project.compiler.Driver.SemanticDriver execute
INFO: testCases file path: TestCases\Semantic\1\1_profExample.txt
Apr 09, 2018 5:39:14 PM com.project.compiler.Driver.SemanticDriver execute
INFO: .. Starting ...
Apr 09, 2018 5:39:14 PM com.project.compiler.Driver.SemanticDriver execute
INFO: ..........................Executing Test Case 1 ..........................
Apr 09, 2018 5:39:14 PM com.project.compiler.Driver.SemanticDriver execute
INFO: testCases file path: TestCases\Semantic\1\1_profExample.txt
Apr 09, 2018 5:39:15 PM com.project.compiler.Driver.SemanticDriver execute
INFO: Simple Symbol Table save to: TestCases\Semantic\1\SEMANTIC_ACTION_SymbolTable.txt
Apr 09, 2018 5:39:15 PM com.project.compiler.Driver.SemanticDriver execute
INFO: HTML Symbol Table save to: TestCases\Semantic\1\SEMANTIC_ACTION_SymbolTable.html
Apr 09, 2018 5:39:15 PM com.project.compiler.Driver.SemanticDriver saveErrorCollections
INFO: SEMANTIC Errors are save to: TestCases\Semantic\1\SEMANTIC_ACTION_Errors.txt
Apr 09, 2018 5:39:15 PM com.project.compiler.Driver.SemanticDriver saveErrorCollections
INFO: All Errors are save to: TestCases\Semantic\1\SEMANTIC_ACTION_AllErrors.txt
Apr 09, 2018 5:39:15 PM com.project.compiler.Driver.SemanticDriver execute
INFO: Abstract Syntax Tree is save to: TestCases\Semantic\1\SEMANTIC_AST_Ast.txt
Apr 09, 2018 5:39:15 PM com.project.compiler.Driver.SemanticDriver execute
INFO: Abstract Syntax Tree is save to: TestCases\Semantic\1\SEMANTIC_AST_SymbolTable.txt
Apr 09, 2018 5:39:15 PM com.project.compiler.Driver.SemanticDriver saveErrorCollections
INFO: SEMANTIC Errors are save to: TestCases\Semantic\1\SEMANTIC_AST_Errors.txt
Apr 09, 2018 5:39:15 PM com.project.compiler.Driver.SemanticDriver saveErrorCollections
INFO: All Errors are save to: TestCases\Semantic\1\SEMANTIC_AST_AllErrors.txt
Apr 10, 2018 8:22:01 PM com.project.compiler.Driver.SemanticDriver execute
INFO: .. Starting ...
Apr 10, 2018 8:22:01 PM com.project.compiler.Driver.SemanticDriver execute
INFO: ..........................Executing Test Case 1 ..........................
Apr 10, 2018 8:22:01 PM com.project.compiler.Driver.SemanticDriver execute
INFO: testCases file path: TestCases\Semantic\1\1_profExample.txt
Apr 10, 2018 8:23:24 PM com.project.compiler.Driver.SemanticDriver execute
INFO: Simple Symbol Table save to: TestCases\Semantic\1\SEMANTIC_ACTION_SymbolTable.txt
Apr 10, 2018 8:23:24 PM com.project.compiler.Driver.SemanticDriver execute
INFO: HTML Symbol Table save to: TestCases\Semantic\1\SEMANTIC_ACTION_SymbolTable.html
Apr 10, 2018 8:23:24 PM com.project.compiler.Driver.SemanticDriver saveErrorCollections
INFO: SEMANTIC Errors are save to: TestCases\Semantic\1\SEMANTIC_ACTION_Errors.txt
Apr 10, 2018 8:23:24 PM com.project.compiler.Driver.SemanticDriver saveErrorCollections
INFO: All Errors are save to: TestCases\Semantic\1\SEMANTIC_ACTION_AllErrors.txt
Apr 10, 2018 8:24:58 PM com.project.compiler.Driver.SemanticDriver execute
INFO: .. Starting ...
Apr 10, 2018 8:24:58 PM com.project.compiler.Driver.SemanticDriver execute
INFO: ..........................Executing Test Case 1 ..........................
Apr 10, 2018 8:24:58 PM com.project.compiler.Driver.SemanticDriver execute
INFO: testCases file path: TestCases\Semantic\1\1_profExample.txt
Apr 10, 2018 8:24:58 PM com.project.compiler.Driver.SemanticDriver execute
INFO: Simple Symbol Table save to: TestCases\Semantic\1\SEMANTIC_ACTION_SymbolTable.txt
Apr 10, 2018 8:24:58 PM com.project.compiler.Driver.SemanticDriver execute
INFO: HTML Symbol Table save to: TestCases\Semantic\1\SEMANTIC_ACTION_SymbolTable.html
Apr 10, 2018 8:24:58 PM com.project.compiler.Driver.SemanticDriver saveErrorCollections
INFO: SEMANTIC Errors are save to: TestCases\Semantic\1\SEMANTIC_ACTION_Errors.txt
Apr 10, 2018 8:24:59 PM com.project.compiler.Driver.SemanticDriver saveErrorCollections
INFO: All Errors are save to: TestCases\Semantic\1\SEMANTIC_ACTION_AllErrors.txt
Apr 10, 2018 8:24:59 PM com.project.compiler.Driver.SemanticDriver execute
INFO: Abstract Syntax Tree is save to: TestCases\Semantic\1\SEMANTIC_AST_Ast.txt
Apr 10, 2018 8:24:59 PM com.project.compiler.Driver.SemanticDriver execute
INFO: Abstract Syntax Tree is save to: TestCases\Semantic\1\SEMANTIC_AST_SymbolTable.txt
Apr 10, 2018 8:24:59 PM com.project.compiler.Driver.SemanticDriver saveErrorCollections
INFO: SEMANTIC Errors are save to: TestCases\Semantic\1\SEMANTIC_AST_Errors.txt
Apr 10, 2018 8:24:59 PM com.project.compiler.Driver.SemanticDriver saveErrorCollections
INFO: All Errors are save to: TestCases\Semantic\1\SEMANTIC_AST_AllErrors.txt
Apr 10, 2018 8:28:43 PM com.project.compiler.Driver.SemanticDriver execute
INFO: .. Starting ...
Apr 10, 2018 8:28:43 PM com.project.compiler.Driver.SemanticDriver execute
INFO: ..........................Executing Test Case 1 ..........................
Apr 10, 2018 8:28:43 PM com.project.compiler.Driver.SemanticDriver execute
INFO: testCases file path: TestCases\Semantic\1\1_profExample.txt
Apr 10, 2018 8:28:56 PM com.project.compiler.Driver.SemanticDriver execute
INFO: Simple Symbol Table save to: TestCases\Semantic\1\SEMANTIC_ACTION_SymbolTable.txt
Apr 10, 2018 8:28:56 PM com.project.compiler.Driver.SemanticDriver execute
INFO: HTML Symbol Table save to: TestCases\Semantic\1\SEMANTIC_ACTION_SymbolTable.html
Apr 10, 2018 8:28:56 PM com.project.compiler.Driver.SemanticDriver saveErrorCollections
INFO: SEMANTIC Errors are save to: TestCases\Semantic\1\SEMANTIC_ACTION_Errors.txt
Apr 10, 2018 8:28:56 PM com.project.compiler.Driver.SemanticDriver saveErrorCollections
INFO: All Errors are save to: TestCases\Semantic\1\SEMANTIC_ACTION_AllErrors.txt
Apr 10, 2018 8:30:50 PM com.project.compiler.Driver.SemanticDriver execute
INFO: Abstract Syntax Tree is save to: TestCases\Semantic\1\SEMANTIC_AST_Ast.txt
Apr 10, 2018 8:30:50 PM com.project.compiler.Driver.SemanticDriver execute
INFO: Abstract Syntax Tree is save to: TestCases\Semantic\1\SEMANTIC_AST_SymbolTable.txt
Apr 10, 2018 8:31:09 PM com.project.compiler.Driver.SemanticDriver saveErrorCollections
INFO: SEMANTIC Errors are save to: TestCases\Semantic\1\SEMANTIC_AST_Errors.txt
Apr 10, 2018 8:31:09 PM com.project.compiler.Driver.SemanticDriver saveErrorCollections
INFO: All Errors are save to: TestCases\Semantic\1\SEMANTIC_AST_AllErrors.txt
Apr 10, 2018 8:31:28 PM com.project.compiler.Driver.SemanticDriver execute
INFO: .. Starting ...
Apr 10, 2018 8:31:28 PM com.project.compiler.Driver.SemanticDriver execute
INFO: ..........................Executing Test Case 1 ..........................
Apr 10, 2018 8:31:28 PM com.project.compiler.Driver.SemanticDriver execute
INFO: testCases file path: TestCases\Semantic\1\1_profExample.txt
Apr 10, 2018 8:31:29 PM com.project.compiler.Driver.SemanticDriver execute
INFO: Simple Symbol Table save to: TestCases\Semantic\1\SEMANTIC_ACTION_SymbolTable.txt
Apr 10, 2018 8:31:29 PM com.project.compiler.Driver.SemanticDriver execute
INFO: HTML Symbol Table save to: TestCases\Semantic\1\SEMANTIC_ACTION_SymbolTable.html
Apr 10, 2018 8:31:29 PM com.project.compiler.Driver.SemanticDriver saveErrorCollections
INFO: SEMANTIC Errors are save to: TestCases\Semantic\1\SEMANTIC_ACTION_Errors.txt
Apr 10, 2018 8:31:29 PM com.project.compiler.Driver.SemanticDriver saveErrorCollections
INFO: All Errors are save to: TestCases\Semantic\1\SEMANTIC_ACTION_AllErrors.txt
Apr 10, 2018 8:31:38 PM com.project.compiler.Driver.SemanticDriver execute
INFO: Abstract Syntax Tree is save to: TestCases\Semantic\1\SEMANTIC_AST_Ast.txt
Apr 10, 2018 8:31:38 PM com.project.compiler.Driver.SemanticDriver execute
INFO: Abstract Syntax Tree is save to: TestCases\Semantic\1\SEMANTIC_AST_SymbolTable.txt
Apr 10, 2018 8:31:39 PM com.project.compiler.Driver.SemanticDriver saveErrorCollections
INFO: SEMANTIC Errors are save to: TestCases\Semantic\1\SEMANTIC_AST_Errors.txt
Apr 10, 2018 8:31:39 PM com.project.compiler.Driver.SemanticDriver saveErrorCollections
INFO: All Errors are save to: TestCases\Semantic\1\SEMANTIC_AST_AllErrors.txt
Apr 10, 2018 8:32:33 PM com.project.compiler.Driver.SemanticDriver execute
INFO: .. Starting ...
Apr 10, 2018 8:32:33 PM com.project.compiler.Driver.SemanticDriver execute
INFO: ..........................Executing Test Case 1 ..........................
Apr 10, 2018 8:32:33 PM com.project.compiler.Driver.SemanticDriver execute
INFO: testCases file path: TestCases\Semantic\1\1_profExample.txt
Apr 10, 2018 8:32:33 PM com.project.compiler.Driver.SemanticDriver execute
INFO: Simple Symbol Table save to: TestCases\Semantic\1\SEMANTIC_ACTION_SymbolTable.txt
Apr 10, 2018 8:32:33 PM com.project.compiler.Driver.SemanticDriver execute
INFO: HTML Symbol Table save to: TestCases\Semantic\1\SEMANTIC_ACTION_SymbolTable.html
Apr 10, 2018 8:32:33 PM com.project.compiler.Driver.SemanticDriver saveErrorCollections
INFO: SEMANTIC Errors are save to: TestCases\Semantic\1\SEMANTIC_ACTION_Errors.txt
Apr 10, 2018 8:32:33 PM com.project.compiler.Driver.SemanticDriver saveErrorCollections
INFO: All Errors are save to: TestCases\Semantic\1\SEMANTIC_ACTION_AllErrors.txt
Apr 10, 2018 8:33:54 PM com.project.compiler.Driver.SemanticDriver execute
INFO: Abstract Syntax Tree is save to: TestCases\Semantic\1\SEMANTIC_AST_Ast.txt
Apr 10, 2018 8:33:54 PM com.project.compiler.Driver.SemanticDriver execute
INFO: Abstract Syntax Tree is save to: TestCases\Semantic\1\SEMANTIC_AST_SymbolTable.txt
Apr 10, 2018 8:33:54 PM com.project.compiler.Driver.SemanticDriver saveErrorCollections
INFO: SEMANTIC Errors are save to: TestCases\Semantic\1\SEMANTIC_AST_Errors.txt
Apr 10, 2018 8:33:54 PM com.project.compiler.Driver.SemanticDriver saveErrorCollections
INFO: All Errors are save to: TestCases\Semantic\1\SEMANTIC_AST_AllErrors.txt
Apr 10, 2018 8:37:12 PM com.project.compiler.Driver.SemanticDriver execute
INFO: .. Starting ...
Apr 10, 2018 8:37:13 PM com.project.compiler.Driver.SemanticDriver execute
INFO: ..........................Executing Test Case 1 ..........................
Apr 10, 2018 8:37:13 PM com.project.compiler.Driver.SemanticDriver execute
INFO: testCases file path: TestCases\Semantic\1\1_profExample.txt
Apr 10, 2018 8:37:13 PM com.project.compiler.Driver.SemanticDriver execute
INFO: Simple Symbol Table save to: TestCases\Semantic\1\SEMANTIC_ACTION_SymbolTable.txt
Apr 10, 2018 8:37:13 PM com.project.compiler.Driver.SemanticDriver execute
INFO: HTML Symbol Table save to: TestCases\Semantic\1\SEMANTIC_ACTION_SymbolTable.html
Apr 10, 2018 8:37:13 PM com.project.compiler.Driver.SemanticDriver saveErrorCollections
INFO: SEMANTIC Errors are save to: TestCases\Semantic\1\SEMANTIC_ACTION_Errors.txt
Apr 10, 2018 8:37:13 PM com.project.compiler.Driver.SemanticDriver saveErrorCollections
INFO: All Errors are save to: TestCases\Semantic\1\SEMANTIC_ACTION_AllErrors.txt
Apr 10, 2018 8:37:13 PM com.project.compiler.Driver.SemanticDriver execute
INFO: Abstract Syntax Tree is save to: TestCases\Semantic\1\SEMANTIC_AST_Ast.txt
Apr 10, 2018 8:37:13 PM com.project.compiler.Driver.SemanticDriver execute
INFO: Abstract Syntax Tree is save to: TestCases\Semantic\1\SEMANTIC_AST_SymbolTable.txt
Apr 10, 2018 8:37:13 PM com.project.compiler.Driver.SemanticDriver saveErrorCollections
INFO: SEMANTIC Errors are save to: TestCases\Semantic\1\SEMANTIC_AST_Errors.txt
Apr 10, 2018 8:37:13 PM com.project.compiler.Driver.SemanticDriver saveErrorCollections
INFO: All Errors are save to: TestCases\Semantic\1\SEMANTIC_AST_AllErrors.txt
